mode: atomic
api-server/utils/features.go:5.59,6.36 1 0
api-server/utils/features.go:11.3,11.15 1 0
api-server/utils/features.go:6.36,7.42 1 0
api-server/utils/features.go:7.42,9.6 1 0
api-server/utils/grpc.go:15.63,17.38 2 0
api-server/utils/grpc.go:27.3,28.40 2 0
api-server/utils/grpc.go:17.38,19.22 2 0
api-server/utils/grpc.go:22.5,23.41 2 0
api-server/utils/grpc.go:19.22,21.6 1 0
api-server/utils/grpc.go:31.69,34.17 2 0
api-server/utils/grpc.go:38.3,39.48 2 0
api-server/utils/grpc.go:44.3,48.41 2 0
api-server/utils/grpc.go:34.17,36.4 1 0
api-server/utils/grpc.go:39.48,41.4 1 0
api-server/utils/session.go:16.79,18.9 2 0
api-server/utils/session.go:21.2,21.28 1 0
api-server/utils/session.go:18.9,20.3 1 0
api-server/utils/session.go:24.125,26.16 2 0
api-server/utils/session.go:31.2,35.21 3 0
api-server/utils/session.go:26.16,28.3 1 0
api-server/utils/session.go:38.74,39.22 1 0
api-server/utils/session.go:44.2,44.14 1 0
api-server/utils/session.go:39.22,40.33 1 0
api-server/utils/session.go:40.33,42.4 1 0
api-server/utils/session.go:47.34,50.16 3 0
api-server/utils/session.go:53.2,53.50 1 0
api-server/utils/session.go:50.16,52.3 1 0
api-server/utils/sliceUtils.go:7.53,9.22 2 0
api-server/utils/sliceUtils.go:12.2,12.10 1 0
api-server/utils/sliceUtils.go:9.22,11.3 1 0
api-server/utils/sliceUtils.go:15.51,16.29 1 0
api-server/utils/sliceUtils.go:21.2,21.18 1 0
api-server/utils/sliceUtils.go:16.29,17.18 1 0
api-server/utils/sliceUtils.go:17.18,19.4 1 0
api-server/utils/sliceUtils.go:24.40,27.2 2 0
api-server/utils/validator.go:10.40,12.56 2 0
api-server/utils/validator.go:15.3,15.19 1 0
api-server/utils/validator.go:12.56,14.4 1 0
api-server/main.go:9.13,22.37 8 0
api-server/main.go:32.2,32.16 1 0
api-server/main.go:22.37,29.3 2 0
api-server/main.go:29.8,31.3 1 0
api-server/main.go:32.16,34.13 2 0
