mode: set
api-server/initconfig/routes.go:34.49,45.36 6 0
api-server/initconfig/routes.go:61.2,69.38 3 0
api-server/initconfig/routes.go:95.2,95.32 1 0
api-server/initconfig/routes.go:111.2,111.15 1 0
api-server/initconfig/routes.go:45.36,46.31 1 0
api-server/initconfig/routes.go:46.31,49.24 2 0
api-server/initconfig/routes.go:54.4,54.65 1 0
api-server/initconfig/routes.go:49.24,52.5 2 0
api-server/initconfig/routes.go:54.65,56.5 1 0
api-server/initconfig/routes.go:69.38,86.3 4 0
api-server/initconfig/routes.go:86.8,88.3 1 0
api-server/initconfig/routes.go:95.32,97.39 2 0
api-server/initconfig/routes.go:97.39,102.13 5 0
api-server/initconfig/routes.go:102.13,104.5 1 0
api-server/initconfig/routes.go:104.10,106.5 1 0
api-server/initconfig/routes.go:108.8,110.3 1 0
api-server/initconfig/routes.go:114.175,139.2 18 0
api-server/initconfig/routes.go:139.2,157.3 14 0
api-server/initconfig/routes.go:160.57,217.2 1 0
api-server/initconfig/routes.go:219.22,313.2 24 0
api-server/utils/session.go:16.79,18.9 2 0
api-server/utils/session.go:21.2,21.28 1 0
api-server/utils/session.go:18.9,20.3 1 0
api-server/utils/session.go:24.125,26.16 2 0
api-server/utils/session.go:31.2,35.21 3 0
api-server/utils/session.go:26.16,28.3 1 0
api-server/utils/session.go:38.74,39.22 1 0
api-server/utils/session.go:44.2,44.14 1 0
api-server/utils/session.go:39.22,40.33 1 0
api-server/utils/session.go:40.33,42.4 1 0
api-server/utils/session.go:47.34,50.16 3 0
api-server/utils/session.go:53.2,53.50 1 0
api-server/utils/session.go:50.16,52.3 1 0
api-server/utils/sliceUtils.go:7.53,9.22 2 0
api-server/utils/sliceUtils.go:12.2,12.10 1 0
api-server/utils/sliceUtils.go:9.22,11.3 1 0
api-server/utils/sliceUtils.go:15.51,16.29 1 0
api-server/utils/sliceUtils.go:21.2,21.18 1 0
api-server/utils/sliceUtils.go:16.29,17.18 1 0
api-server/utils/sliceUtils.go:17.18,19.4 1 0
api-server/utils/sliceUtils.go:24.40,27.2 2 0
api-server/api/keepalive.go:16.78,21.2 1 0
api-server/api/keepalive.go:22.56,27.2 4 0
api-server/api/gRPC/device/device.pb.go:34.33,36.29 2 0
api-server/api/gRPC/device/device.pb.go:36.29,40.3 3 0
api-server/api/gRPC/device/device.pb.go:43.41,45.2 1 0
api-server/api/gRPC/device/device.pb.go:47.39,47.40 0 0
api-server/api/gRPC/device/device.pb.go:49.61,51.41 2 0
api-server/api/gRPC/device/device.pb.go:58.2,58.24 1 0
api-server/api/gRPC/device/device.pb.go:51.41,53.34 2 0
api-server/api/gRPC/device/device.pb.go:56.3,56.12 1 0
api-server/api/gRPC/device/device.pb.go:53.34,55.4 1 0
api-server/api/gRPC/device/device.pb.go:62.52,64.2 1 0
api-server/api/gRPC/device/device.pb.go:66.40,67.14 1 0
api-server/api/gRPC/device/device.pb.go:70.2,70.11 1 0
api-server/api/gRPC/device/device.pb.go:67.14,69.3 1 0
api-server/api/gRPC/device/device.pb.go:73.42,74.14 1 0
api-server/api/gRPC/device/device.pb.go:77.2,77.11 1 0
api-server/api/gRPC/device/device.pb.go:74.14,76.3 1 0
api-server/api/gRPC/device/device.pb.go:80.41,81.14 1 0
api-server/api/gRPC/device/device.pb.go:84.2,84.11 1 0
api-server/api/gRPC/device/device.pb.go:81.14,83.3 1 0
api-server/api/gRPC/device/device.pb.go:87.46,88.14 1 0
api-server/api/gRPC/device/device.pb.go:91.2,91.11 1 0
api-server/api/gRPC/device/device.pb.go:88.14,90.3 1 0
api-server/api/gRPC/device/device.pb.go:105.34,107.29 2 0
api-server/api/gRPC/device/device.pb.go:107.29,111.3 3 0
api-server/api/gRPC/device/device.pb.go:114.42,116.2 1 0
api-server/api/gRPC/device/device.pb.go:118.40,118.41 0 0
api-server/api/gRPC/device/device.pb.go:120.62,122.41 2 0
api-server/api/gRPC/device/device.pb.go:129.2,129.24 1 0
api-server/api/gRPC/device/device.pb.go:122.41,124.34 2 0
api-server/api/gRPC/device/device.pb.go:127.3,127.12 1 0
api-server/api/gRPC/device/device.pb.go:124.34,126.4 1 0
api-server/api/gRPC/device/device.pb.go:133.53,135.2 1 0
api-server/api/gRPC/device/device.pb.go:137.39,138.14 1 0
api-server/api/gRPC/device/device.pb.go:141.2,141.14 1 0
api-server/api/gRPC/device/device.pb.go:138.14,140.3 1 0
api-server/api/gRPC/device/device.pb.go:144.49,145.14 1 0
api-server/api/gRPC/device/device.pb.go:148.2,148.10 1 0
api-server/api/gRPC/device/device.pb.go:145.14,147.3 1 0
api-server/api/gRPC/device/device.pb.go:151.42,152.14 1 0
api-server/api/gRPC/device/device.pb.go:155.2,155.10 1 0
api-server/api/gRPC/device/device.pb.go:152.14,154.3 1 0
api-server/api/gRPC/device/device.pb.go:158.46,159.14 1 0
api-server/api/gRPC/device/device.pb.go:162.2,162.10 1 0
api-server/api/gRPC/device/device.pb.go:159.14,161.3 1 0
api-server/api/gRPC/device/device.pb.go:180.33,182.29 2 0
api-server/api/gRPC/device/device.pb.go:182.29,186.3 3 0
api-server/api/gRPC/device/device.pb.go:189.41,191.2 1 0
api-server/api/gRPC/device/device.pb.go:193.39,193.40 0 0
api-server/api/gRPC/device/device.pb.go:195.61,197.41 2 0
api-server/api/gRPC/device/device.pb.go:204.2,204.24 1 0
api-server/api/gRPC/device/device.pb.go:197.41,199.34 2 0
api-server/api/gRPC/device/device.pb.go:202.3,202.12 1 0
api-server/api/gRPC/device/device.pb.go:199.34,201.4 1 0
api-server/api/gRPC/device/device.pb.go:208.52,210.2 1 0
api-server/api/gRPC/device/device.pb.go:212.40,213.14 1 0
api-server/api/gRPC/device/device.pb.go:216.2,216.11 1 0
api-server/api/gRPC/device/device.pb.go:213.14,215.3 1 0
api-server/api/gRPC/device/device.pb.go:219.42,220.14 1 0
api-server/api/gRPC/device/device.pb.go:223.2,223.11 1 0
api-server/api/gRPC/device/device.pb.go:220.14,222.3 1 0
api-server/api/gRPC/device/device.pb.go:226.41,227.14 1 0
api-server/api/gRPC/device/device.pb.go:230.2,230.11 1 0
api-server/api/gRPC/device/device.pb.go:227.14,229.3 1 0
api-server/api/gRPC/device/device.pb.go:233.46,234.14 1 0
api-server/api/gRPC/device/device.pb.go:237.2,237.11 1 0
api-server/api/gRPC/device/device.pb.go:234.14,236.3 1 0
api-server/api/gRPC/device/device.pb.go:240.38,241.14 1 0
api-server/api/gRPC/device/device.pb.go:244.2,244.14 1 0
api-server/api/gRPC/device/device.pb.go:241.14,243.3 1 0
api-server/api/gRPC/device/device.pb.go:247.48,248.14 1 0
api-server/api/gRPC/device/device.pb.go:251.2,251.10 1 0
api-server/api/gRPC/device/device.pb.go:248.14,250.3 1 0
api-server/api/gRPC/device/device.pb.go:254.41,255.14 1 0
api-server/api/gRPC/device/device.pb.go:258.2,258.10 1 0
api-server/api/gRPC/device/device.pb.go:255.14,257.3 1 0
api-server/api/gRPC/device/device.pb.go:261.45,262.14 1 0
api-server/api/gRPC/device/device.pb.go:265.2,265.10 1 0
api-server/api/gRPC/device/device.pb.go:262.14,264.3 1 0
api-server/api/gRPC/device/device.pb.go:277.34,279.29 2 0
api-server/api/gRPC/device/device.pb.go:279.29,283.3 3 0
api-server/api/gRPC/device/device.pb.go:286.42,288.2 1 0
api-server/api/gRPC/device/device.pb.go:290.40,290.41 0 0
api-server/api/gRPC/device/device.pb.go:292.62,294.41 2 0
api-server/api/gRPC/device/device.pb.go:301.2,301.24 1 0
api-server/api/gRPC/device/device.pb.go:294.41,296.34 2 0
api-server/api/gRPC/device/device.pb.go:299.3,299.12 1 0
api-server/api/gRPC/device/device.pb.go:296.34,298.4 1 0
api-server/api/gRPC/device/device.pb.go:305.53,307.2 1 0
api-server/api/gRPC/device/device.pb.go:309.45,310.14 1 0
api-server/api/gRPC/device/device.pb.go:313.2,313.11 1 0
api-server/api/gRPC/device/device.pb.go:310.14,312.3 1 0
api-server/api/gRPC/device/device.pb.go:316.46,317.14 1 0
api-server/api/gRPC/device/device.pb.go:320.2,320.11 1 0
api-server/api/gRPC/device/device.pb.go:317.14,319.3 1 0
api-server/api/gRPC/device/device.pb.go:378.61,379.58 1 0
api-server/api/gRPC/device/device.pb.go:382.2,382.54 1 0
api-server/api/gRPC/device/device.pb.go:379.58,381.3 1 0
api-server/api/gRPC/device/device.pb.go:404.13,404.57 1 1
api-server/api/gRPC/device/device.pb.go:405.47,406.46 1 1
api-server/api/gRPC/device/device.pb.go:409.2,409.30 1 1
api-server/api/gRPC/device/device.pb.go:459.2,476.49 6 1
api-server/api/gRPC/device/device.pb.go:406.46,408.3 1 0
api-server/api/gRPC/device/device.pb.go:409.30,410.99 1 0
api-server/api/gRPC/device/device.pb.go:422.3,422.99 1 0
api-server/api/gRPC/device/device.pb.go:434.3,434.99 1 0
api-server/api/gRPC/device/device.pb.go:446.3,446.99 1 0
api-server/api/gRPC/device/device.pb.go:410.99,411.38 1 0
api-server/api/gRPC/device/device.pb.go:412.11,413.20 1 0
api-server/api/gRPC/device/device.pb.go:414.11,415.24 1 0
api-server/api/gRPC/device/device.pb.go:416.11,417.28 1 0
api-server/api/gRPC/device/device.pb.go:418.12,419.15 1 0
api-server/api/gRPC/device/device.pb.go:422.99,423.39 1 0
api-server/api/gRPC/device/device.pb.go:424.11,425.20 1 0
api-server/api/gRPC/device/device.pb.go:426.11,427.24 1 0
api-server/api/gRPC/device/device.pb.go:428.11,429.28 1 0
api-server/api/gRPC/device/device.pb.go:430.12,431.15 1 0
api-server/api/gRPC/device/device.pb.go:434.99,435.38 1 0
api-server/api/gRPC/device/device.pb.go:436.11,437.20 1 0
api-server/api/gRPC/device/device.pb.go:438.11,439.24 1 0
api-server/api/gRPC/device/device.pb.go:440.11,441.28 1 0
api-server/api/gRPC/device/device.pb.go:442.12,443.15 1 0
api-server/api/gRPC/device/device.pb.go:446.99,447.39 1 0
api-server/api/gRPC/device/device.pb.go:448.11,449.20 1 0
api-server/api/gRPC/device/device.pb.go:450.11,451.24 1 0
api-server/api/gRPC/device/device.pb.go:452.11,453.28 1 0
api-server/api/gRPC/device/device.pb.go:454.12,455.15 1 0
api-server/api/devices.go:27.177,37.2 2 0
api-server/api/devices.go:48.52,54.16 4 0
api-server/api/devices.go:62.2,66.16 3 0
api-server/api/devices.go:72.2,75.23 2 0
api-server/api/devices.go:80.2,83.28 3 0
api-server/api/devices.go:88.2,88.32 1 0
api-server/api/devices.go:54.16,58.3 3 0
api-server/api/devices.go:66.16,70.3 3 0
api-server/api/devices.go:75.23,79.3 3 0
api-server/api/devices.go:83.28,87.3 3 0
api-server/api/devices.go:102.54,108.54 5 0
api-server/api/devices.go:115.2,117.16 3 0
api-server/api/devices.go:125.2,129.16 3 0
api-server/api/devices.go:135.2,136.12 2 0
api-server/api/devices.go:143.2,154.17 6 0
api-server/api/devices.go:161.2,166.19 2 0
api-server/api/devices.go:173.2,176.19 2 0
api-server/api/devices.go:181.2,181.68 1 0
api-server/api/devices.go:108.54,112.3 3 0
api-server/api/devices.go:117.16,121.3 3 0
api-server/api/devices.go:129.16,133.3 3 0
api-server/api/devices.go:136.12,140.3 3 0
api-server/api/devices.go:154.17,158.3 3 0
api-server/api/devices.go:166.19,170.3 3 0
api-server/api/devices.go:176.19,180.3 3 0
api-server/api/devices.go:184.87,192.2 5 0
api-server/initconfig/environment.go:13.32,21.2 6 0
api-server/initconfig/environment.go:23.42,24.37 1 0
api-server/initconfig/environment.go:28.2,72.78 44 0
api-server/initconfig/environment.go:24.37,25.72 1 0
api-server/initconfig/init.go:13.39,21.16 5 0
api-server/initconfig/init.go:25.2,26.15 2 0
api-server/initconfig/init.go:21.16,23.55 2 0
api-server/initconfig/init.go:29.76,47.2 8 0
api-server/initconfig/init.go:49.19,50.26 1 0
api-server/initconfig/init.go:51.14,53.8 2 0
api-server/initconfig/init.go:54.14,56.8 2 0
api-server/initconfig/init.go:57.10,58.29 1 0
api-server/api/profiles.go:31.106,37.2 1 0
api-server/api/profiles.go:39.53,44.17 4 0
api-server/api/profiles.go:51.3,56.37 6 0
api-server/api/profiles.go:44.17,48.4 3 0
api-server/api/profiles.go:70.60,75.19 3 0
api-server/api/profiles.go:82.3,84.17 3 0
api-server/api/profiles.go:91.3,91.37 1 0
api-server/api/profiles.go:97.3,107.17 3 0
api-server/api/profiles.go:112.3,112.53 1 0
api-server/api/profiles.go:75.19,79.4 3 0
api-server/api/profiles.go:84.17,88.4 3 0
api-server/api/profiles.go:91.37,95.4 3 0
api-server/api/profiles.go:107.17,111.4 3 0
api-server/api/register.go:61.59,64.45 3 0
api-server/api/register.go:69.2,69.49 1 0
api-server/api/register.go:64.45,65.40 1 0
api-server/api/register.go:65.40,67.4 1 0
api-server/api/register.go:69.49,71.3 1 0
api-server/api/register.go:74.174,94.2 6 0
api-server/api/register.go:96.55,100.56 3 0
api-server/api/register.go:106.2,107.16 2 0
api-server/api/register.go:115.2,119.23 3 0
api-server/api/register.go:126.2,130.16 3 0
api-server/api/register.go:138.2,139.48 2 0
api-server/api/register.go:145.2,157.95 11 0
api-server/api/register.go:171.2,171.18 1 0
api-server/api/register.go:195.2,196.31 2 0
api-server/api/register.go:100.56,104.3 3 0
api-server/api/register.go:107.16,112.3 4 0
api-server/api/register.go:119.23,123.3 3 0
api-server/api/register.go:130.16,136.3 3 0
api-server/api/register.go:139.48,140.40 1 0
api-server/api/register.go:140.40,142.4 1 0
api-server/api/register.go:157.95,166.3 1 0
api-server/api/register.go:171.18,173.17 2 0
api-server/api/register.go:181.3,181.127 1 0
api-server/api/register.go:173.17,175.55 2 0
api-server/api/register.go:178.4,179.10 2 0
api-server/api/register.go:175.55,177.5 1 0
api-server/api/register.go:182.8,184.17 2 0
api-server/api/register.go:192.3,192.85 1 0
api-server/api/register.go:184.17,186.55 2 0
api-server/api/register.go:189.4,190.10 2 0
api-server/api/register.go:186.55,188.5 1 0
api-server/api/register.go:199.107,203.25 2 0
api-server/api/register.go:208.2,209.21 2 0
api-server/api/register.go:214.2,223.16 3 0
api-server/api/register.go:227.2,227.42 1 0
api-server/api/register.go:234.2,234.12 1 0
api-server/api/register.go:203.25,205.3 1 0
api-server/api/register.go:209.21,211.3 1 0
api-server/api/register.go:223.16,225.3 1 0
api-server/api/register.go:227.42,229.17 2 0
api-server/api/register.go:229.17,231.4 1 0
api-server/api/register.go:237.129,241.16 3 0
api-server/api/register.go:244.2,244.14 1 0
api-server/api/register.go:250.2,253.16 4 0
api-server/api/register.go:260.2,269.21 4 0
api-server/api/register.go:274.2,286.16 4 0
api-server/api/register.go:289.2,289.43 1 0
api-server/api/register.go:241.16,243.3 1 0
api-server/api/register.go:244.14,246.3 1 0
api-server/api/register.go:246.8,248.3 1 0
api-server/api/register.go:253.16,259.3 2 0
api-server/api/register.go:269.21,271.3 1 0
api-server/api/register.go:286.16,288.3 1 0
api-server/api/register.go:292.91,294.16 2 0
api-server/api/register.go:297.2,299.47 3 0
api-server/api/register.go:294.16,296.3 1 0
api-server/api/register.go:302.102,305.16 3 0
api-server/api/register.go:308.2,310.47 3 0
api-server/api/register.go:305.16,307.3 1 0
api-server/api/register.go:313.93,316.22 2 0
api-server/api/register.go:320.2,325.19 2 0
api-server/api/register.go:328.2,328.12 1 0
api-server/api/register.go:316.22,318.3 1 0
api-server/api/register.go:325.19,327.3 1 0
api-server/initconfig/loggerConfig.go:10.39,26.2 8 0
api-server/initconfig/loggerConfig.go:28.45,37.2 2 0
api-server/utils/features.go:5.59,6.36 1 0
api-server/utils/features.go:11.3,11.15 1 0
api-server/utils/features.go:6.36,7.42 1 0
api-server/utils/features.go:7.42,9.6 1 0
api-server/utils/validator.go:10.40,12.56 2 0
api-server/utils/validator.go:15.3,15.19 1 0
api-server/utils/validator.go:12.56,14.4 1 0
api-server/api/gRPC/device/device_grpc.pb.go:29.64,31.2 1 0
api-server/api/gRPC/device/device_grpc.pb.go:33.124,36.16 3 0
api-server/api/gRPC/device/device_grpc.pb.go:39.2,39.17 1 0
api-server/api/gRPC/device/device_grpc.pb.go:36.16,38.3 1 0
api-server/api/gRPC/device/device_grpc.pb.go:42.124,45.16 3 0
api-server/api/gRPC/device/device_grpc.pb.go:48.2,48.17 1 0
api-server/api/gRPC/device/device_grpc.pb.go:45.16,47.3 1 0
api-server/api/gRPC/device/device_grpc.pb.go:64.102,66.2 1 0
api-server/api/gRPC/device/device_grpc.pb.go:67.102,69.2 1 0
api-server/api/gRPC/device/device_grpc.pb.go:70.72,70.73 0 0
api-server/api/gRPC/device/device_grpc.pb.go:79.70,81.2 1 0
api-server/api/gRPC/device/device_grpc.pb.go:83.161,85.32 2 0
api-server/api/gRPC/device/device_grpc.pb.go:88.2,88.24 1 0
api-server/api/gRPC/device/device_grpc.pb.go:91.2,95.77 2 0
api-server/api/gRPC/device/device_grpc.pb.go:98.2,98.44 1 0
api-server/api/gRPC/device/device_grpc.pb.go:85.32,87.3 1 0
api-server/api/gRPC/device/device_grpc.pb.go:88.24,90.3 1 0
api-server/api/gRPC/device/device_grpc.pb.go:95.77,97.3 1 0
api-server/api/gRPC/device/device_grpc.pb.go:101.161,103.32 2 0
api-server/api/gRPC/device/device_grpc.pb.go:106.2,106.24 1 0
api-server/api/gRPC/device/device_grpc.pb.go:109.2,113.77 2 0
api-server/api/gRPC/device/device_grpc.pb.go:116.2,116.44 1 0
api-server/api/gRPC/device/device_grpc.pb.go:103.32,105.3 1 0
api-server/api/gRPC/device/device_grpc.pb.go:106.24,108.3 1 0
api-server/api/gRPC/device/device_grpc.pb.go:113.77,115.3 1 0
api-server/utils/grpc.go:15.63,17.38 2 0
api-server/utils/grpc.go:27.3,28.40 2 0
api-server/utils/grpc.go:17.38,19.22 2 0
api-server/utils/grpc.go:22.5,23.41 2 0
api-server/utils/grpc.go:19.22,21.6 1 0
api-server/utils/grpc.go:31.69,34.17 2 0
api-server/utils/grpc.go:38.3,39.48 2 0
api-server/utils/grpc.go:44.3,48.41 2 0
api-server/utils/grpc.go:34.17,36.4 1 0
api-server/utils/grpc.go:39.48,41.4 1 0
api-server/custom-errors/grpc-send-error.go:15.40,17.2 1 0
api-server/api/auth.go:36.98,42.2 1 0
api-server/api/auth.go:44.52,61.16 7 0
api-server/api/auth.go:68.2,73.52 5 0
api-server/api/auth.go:61.16,65.3 3 0
api-server/api/auth.go:84.54,85.30 1 0
api-server/api/auth.go:85.30,89.23 3 0
api-server/api/auth.go:98.3,100.24 2 0
api-server/api/auth.go:109.3,115.102 2 0
api-server/api/auth.go:123.3,123.35 1 0
api-server/api/auth.go:149.3,149.17 1 0
api-server/api/auth.go:163.3,163.11 1 0
api-server/api/auth.go:89.23,96.4 4 0
api-server/api/auth.go:100.24,107.4 4 0
api-server/api/auth.go:115.102,117.59 1 0
api-server/api/auth.go:120.4,120.22 1 0
api-server/api/auth.go:117.59,119.5 1 0
api-server/api/auth.go:123.35,124.48 1 0
api-server/api/auth.go:124.48,125.52 1 0
api-server/api/auth.go:142.5,145.11 4 0
api-server/api/auth.go:125.52,132.6 4 0
api-server/api/auth.go:132.11,132.90 1 0
api-server/api/auth.go:132.90,140.6 4 0
api-server/api/auth.go:149.17,150.38 1 0
api-server/api/auth.go:156.4,159.10 4 0
api-server/api/auth.go:150.38,155.5 4 0
api-server/api/homes.go:49.168,57.2 1 0
api-server/api/homes.go:68.48,74.16 4 0
api-server/api/homes.go:81.2,85.16 3 0
api-server/api/homes.go:92.2,96.16 3 0
api-server/api/homes.go:102.2,103.28 2 0
api-server/api/homes.go:109.2,109.30 1 0
api-server/api/homes.go:74.16,78.3 3 0
api-server/api/homes.go:85.16,89.3 3 0
api-server/api/homes.go:96.16,100.3 3 0
api-server/api/homes.go:103.28,107.3 3 0
api-server/api/homes.go:123.48,129.16 4 0
api-server/api/homes.go:135.2,136.50 2 0
api-server/api/homes.go:142.2,143.16 2 0
api-server/api/homes.go:150.2,159.42 8 0
api-server/api/homes.go:169.2,170.16 2 0
api-server/api/homes.go:177.2,182.19 2 0
api-server/api/homes.go:188.2,188.29 1 0
api-server/api/homes.go:129.16,133.3 3 0
api-server/api/homes.go:136.50,140.3 3 0
api-server/api/homes.go:143.16,148.3 4 0
api-server/api/homes.go:159.42,167.3 7 0
api-server/api/homes.go:170.16,174.3 3 0
api-server/api/homes.go:182.19,186.3 3 0
api-server/api/homes.go:208.47,212.18 3 0
api-server/api/homes.go:218.2,219.48 2 0
api-server/api/homes.go:225.2,226.16 2 0
api-server/api/homes.go:234.2,236.14 3 0
api-server/api/homes.go:242.2,251.19 2 0
api-server/api/homes.go:257.2,257.66 1 0
api-server/api/homes.go:212.18,216.3 3 0
api-server/api/homes.go:219.48,223.3 3 0
api-server/api/homes.go:226.16,231.3 4 0
api-server/api/homes.go:236.14,240.3 3 0
api-server/api/homes.go:251.19,255.3 3 0
api-server/api/homes.go:271.50,275.18 3 0
api-server/api/homes.go:282.2,285.14 3 0
api-server/api/homes.go:292.2,293.16 2 0
api-server/api/homes.go:298.2,299.39 2 0
api-server/api/homes.go:305.2,312.19 2 0
api-server/api/homes.go:318.2,321.19 2 0
api-server/api/homes.go:326.2,326.66 1 0
api-server/api/homes.go:275.18,279.3 3 0
api-server/api/homes.go:285.14,289.3 3 0
api-server/api/homes.go:293.16,297.3 3 0
api-server/api/homes.go:299.39,300.25 1 0
api-server/api/homes.go:300.25,302.4 1 0
api-server/api/homes.go:312.19,316.3 3 0
api-server/api/homes.go:321.19,325.3 3 0
api-server/api/homes.go:338.48,342.18 3 0
api-server/api/homes.go:349.2,352.14 3 0
api-server/api/homes.go:358.2,362.16 3 0
api-server/api/homes.go:367.2,367.35 1 0
api-server/api/homes.go:342.18,346.3 3 0
api-server/api/homes.go:352.14,356.3 3 0
api-server/api/homes.go:362.16,366.3 3 0
api-server/api/homes.go:381.48,385.18 3 0
api-server/api/homes.go:391.2,392.51 2 0
api-server/api/homes.go:398.2,399.16 2 0
api-server/api/homes.go:407.2,410.14 3 0
api-server/api/homes.go:416.2,420.16 3 0
api-server/api/homes.go:426.2,447.19 10 0
api-server/api/homes.go:453.2,453.67 1 0
api-server/api/homes.go:385.18,389.3 3 0
api-server/api/homes.go:392.51,396.3 3 0
api-server/api/homes.go:399.16,404.3 4 0
api-server/api/homes.go:410.14,414.3 3 0
api-server/api/homes.go:420.16,424.3 3 0
api-server/api/homes.go:447.19,451.3 3 0
api-server/api/homes.go:473.47,478.35 4 0
api-server/api/homes.go:484.2,485.54 2 0
api-server/api/homes.go:491.2,492.16 2 0
api-server/api/homes.go:499.2,503.16 3 0
api-server/api/homes.go:510.2,511.33 2 0
api-server/api/homes.go:516.2,516.16 1 0
api-server/api/homes.go:523.2,526.14 3 0
api-server/api/homes.go:533.2,549.17 7 0
api-server/api/homes.go:555.2,555.66 1 0
api-server/api/homes.go:478.35,482.3 3 0
api-server/api/homes.go:485.54,489.3 3 0
api-server/api/homes.go:492.16,497.3 4 0
api-server/api/homes.go:503.16,507.3 3 0
api-server/api/homes.go:511.33,512.26 1 0
api-server/api/homes.go:512.26,514.4 1 0
api-server/api/homes.go:516.16,520.3 3 0
api-server/api/homes.go:526.14,530.3 3 0
api-server/api/homes.go:549.17,553.3 3 0
api-server/api/homes.go:569.50,574.35 4 0
api-server/api/homes.go:580.2,584.16 3 0
api-server/api/homes.go:591.2,594.14 3 0
api-server/api/homes.go:601.2,602.33 2 0
api-server/api/homes.go:607.2,607.16 1 0
api-server/api/homes.go:614.2,622.17 4 0
api-server/api/homes.go:628.2,628.66 1 0
api-server/api/homes.go:574.35,578.3 3 0
api-server/api/homes.go:584.16,588.3 3 0
api-server/api/homes.go:594.14,598.3 3 0
api-server/api/homes.go:602.33,603.26 1 0
api-server/api/homes.go:603.26,605.4 1 0
api-server/api/homes.go:607.16,611.3 3 0
api-server/api/homes.go:622.17,626.3 3 0
api-server/api/homes.go:631.97,636.16 2 0
api-server/api/homes.go:641.2,642.12 2 0
api-server/api/homes.go:646.2,646.13 1 0
api-server/api/homes.go:636.16,639.3 2 0
api-server/api/homes.go:642.12,645.3 2 0
api-server/db/database.go:16.119,23.32 5 0
api-server/db/database.go:29.2,35.35 5 0
api-server/db/database.go:44.2,47.63 4 0
api-server/db/database.go:23.32,24.72 1 0
api-server/db/database.go:24.72,26.38 2 0
api-server/db/database.go:35.35,39.3 3 0
api-server/db/database.go:39.8,43.3 3 0
api-server/api/logingithub.go:33.147,52.2 4 0
api-server/api/logingithub.go:54.61,56.2 1 0
api-server/api/logingithub.go:58.52,62.16 3 0
api-server/api/logingithub.go:68.2,72.16 5 0
api-server/api/logingithub.go:78.2,84.37 6 0
api-server/api/logingithub.go:62.16,66.3 3 0
api-server/api/logingithub.go:72.16,76.3 3 0
api-server/api/logingithub.go:87.52,88.30 1 0
api-server/api/logingithub.go:88.30,92.67 2 0
api-server/api/logingithub.go:101.3,102.41 2 0
api-server/api/logingithub.go:109.3,110.17 2 0
api-server/api/logingithub.go:117.3,119.17 3 0
api-server/api/logingithub.go:125.3,137.79 3 0
api-server/api/logingithub.go:144.3,149.17 3 0
api-server/api/logingithub.go:92.67,98.4 4 0
api-server/api/logingithub.go:102.41,106.4 3 0
api-server/api/logingithub.go:110.17,114.4 3 0
api-server/api/logingithub.go:119.17,123.4 3 0
api-server/api/logingithub.go:137.79,141.4 3 0
api-server/api/logingithub.go:149.17,154.47 3 0
api-server/api/logingithub.go:154.47,157.5 2 0
api-server/api/logingithub.go:158.9,160.35 1 0
api-server/api/logingithub.go:160.35,177.50 13 0
api-server/api/logingithub.go:184.5,185.29 2 0
api-server/api/logingithub.go:191.5,191.65 1 0
api-server/api/logingithub.go:177.50,181.6 3 0
api-server/api/logingithub.go:185.29,189.6 3 0
api-server/api/logingithub.go:192.10,196.5 2 0
api-server/main.go:9.13,22.37 8 0
api-server/main.go:32.2,32.16 1 0
api-server/main.go:22.37,29.3 2 0
api-server/main.go:29.8,31.3 1 0
api-server/main.go:32.16,34.13 2 0
api-server/custom-errors/register-error.go:9.40,10.21 1 0
api-server/custom-errors/register-error.go:13.3,13.21 1 0
api-server/custom-errors/register-error.go:10.21,12.4 1 0
api-server/custom-errors/register-error.go:16.40,18.2 1 0
api-server/custom-errors/register-error.go:20.54,26.2 1 0
api-server/api/gRPC/register/register_grpc.pb.go:28.76,30.2 1 0
api-server/api/gRPC/register/register_grpc.pb.go:32.130,35.16 3 0
api-server/api/gRPC/register/register_grpc.pb.go:38.2,38.17 1 0
api-server/api/gRPC/register/register_grpc.pb.go:35.16,37.3 1 0
api-server/api/gRPC/register/register_grpc.pb.go:53.108,55.2 1 0
api-server/api/gRPC/register/register_grpc.pb.go:56.84,56.85 0 0
api-server/api/gRPC/register/register_grpc.pb.go:65.82,67.2 1 0
api-server/api/gRPC/register/register_grpc.pb.go:69.166,71.32 2 0
api-server/api/gRPC/register/register_grpc.pb.go:74.2,74.24 1 0
api-server/api/gRPC/register/register_grpc.pb.go:77.2,81.77 2 0
api-server/api/gRPC/register/register_grpc.pb.go:84.2,84.44 1 0
api-server/api/gRPC/register/register_grpc.pb.go:71.32,73.3 1 0
api-server/api/gRPC/register/register_grpc.pb.go:74.24,76.3 1 0
api-server/api/gRPC/register/register_grpc.pb.go:81.77,83.3 1 0
api-server/api/devicesvalues.go:42.219,57.2 4 0
api-server/api/devicesvalues.go:61.63,65.18 3 0
api-server/api/devicesvalues.go:72.2,74.16 3 0
api-server/api/devicesvalues.go:81.2,81.44 1 0
api-server/api/devicesvalues.go:87.2,88.16 2 0
api-server/api/devicesvalues.go:94.2,96.18 2 0
api-server/api/devicesvalues.go:65.18,69.3 3 0
api-server/api/devicesvalues.go:74.16,78.3 3 0
api-server/api/devicesvalues.go:81.44,85.3 3 0
api-server/api/devicesvalues.go:88.16,92.3 3 0
api-server/api/devicesvalues.go:96.18,99.17 2 0
api-server/api/devicesvalues.go:104.3,115.21 6 0
api-server/api/devicesvalues.go:121.3,126.5 1 0
api-server/api/devicesvalues.go:99.17,103.4 3 0
api-server/api/devicesvalues.go:115.21,119.4 3 0
api-server/api/devicesvalues.go:127.8,129.43 2 0
api-server/api/devicesvalues.go:150.3,150.38 1 0
api-server/api/devicesvalues.go:129.43,132.18 3 0
api-server/api/devicesvalues.go:137.4,139.18 3 0
api-server/api/devicesvalues.go:144.4,147.59 3 0
api-server/api/devicesvalues.go:132.19,135.5 0 0
api-server/api/devicesvalues.go:139.19,141.5 0 0
api-server/api/devicesvalues.go:155.63,159.18 3 0
api-server/api/devicesvalues.go:165.2,166.49 2 0
api-server/api/devicesvalues.go:172.2,175.16 3 0
api-server/api/devicesvalues.go:183.2,185.16 3 0
api-server/api/devicesvalues.go:192.2,192.44 1 0
api-server/api/devicesvalues.go:198.2,199.16 2 0
api-server/api/devicesvalues.go:205.2,206.16 2 0
api-server/api/devicesvalues.go:212.2,212.62 1 0
api-server/api/devicesvalues.go:159.18,163.3 3 0
api-server/api/devicesvalues.go:166.49,170.3 3 0
api-server/api/devicesvalues.go:175.16,180.3 4 0
api-server/api/devicesvalues.go:185.16,189.3 3 0
api-server/api/devicesvalues.go:192.44,196.3 3 0
api-server/api/devicesvalues.go:199.16,203.3 3 0
api-server/api/devicesvalues.go:206.16,210.3 3 0
api-server/api/devicesvalues.go:217.79,219.16 2 0
api-server/api/devicesvalues.go:222.2,224.47 3 0
api-server/api/devicesvalues.go:219.16,221.3 1 0
api-server/api/devicesvalues.go:227.116,232.16 3 0
api-server/api/devicesvalues.go:236.2,236.14 1 0
api-server/api/devicesvalues.go:242.2,245.16 4 0
api-server/api/devicesvalues.go:252.2,277.16 11 0
api-server/api/devicesvalues.go:232.16,235.3 2 0
api-server/api/devicesvalues.go:236.14,238.3 1 0
api-server/api/devicesvalues.go:238.8,240.3 1 0
api-server/api/devicesvalues.go:245.16,251.3 2 0
api-server/api/devicesvalues.go:280.93,288.2 5 0
api-server/api/devicesvalues.go:291.83,293.2 1 0
api-server/api/devicesvalues.go:295.40,296.57 1 0
api-server/api/devicesvalues.go:296.57,298.3 1 0
api-server/api/devicesvalues.go:298.8,300.3 1 0
api-server/api/gRPC/register/register.pb.go:38.35,40.29 2 0
api-server/api/gRPC/register/register.pb.go:40.29,44.3 3 0
api-server/api/gRPC/register/register.pb.go:47.43,49.2 1 0
api-server/api/gRPC/register/register.pb.go:51.41,51.42 0 0
api-server/api/gRPC/register/register.pb.go:53.63,55.41 2 0
api-server/api/gRPC/register/register.pb.go:62.2,62.24 1 0
api-server/api/gRPC/register/register.pb.go:55.41,57.34 2 0
api-server/api/gRPC/register/register.pb.go:60.3,60.12 1 0
api-server/api/gRPC/register/register.pb.go:57.34,59.4 1 0
api-server/api/gRPC/register/register.pb.go:66.54,68.2 1 0
api-server/api/gRPC/register/register.pb.go:70.42,71.14 1 0
api-server/api/gRPC/register/register.pb.go:74.2,74.11 1 0
api-server/api/gRPC/register/register.pb.go:71.14,73.3 1 0
api-server/api/gRPC/register/register.pb.go:77.44,78.14 1 0
api-server/api/gRPC/register/register.pb.go:81.2,81.11 1 0
api-server/api/gRPC/register/register.pb.go:78.14,80.3 1 0
api-server/api/gRPC/register/register.pb.go:84.43,85.14 1 0
api-server/api/gRPC/register/register.pb.go:88.2,88.11 1 0
api-server/api/gRPC/register/register.pb.go:85.14,87.3 1 0
api-server/api/gRPC/register/register.pb.go:91.44,92.14 1 0
api-server/api/gRPC/register/register.pb.go:95.2,95.11 1 0
api-server/api/gRPC/register/register.pb.go:92.14,94.3 1 0
api-server/api/gRPC/register/register.pb.go:98.52,99.14 1 0
api-server/api/gRPC/register/register.pb.go:102.2,102.11 1 0
api-server/api/gRPC/register/register.pb.go:99.14,101.3 1 0
api-server/api/gRPC/register/register.pb.go:105.45,106.14 1 0
api-server/api/gRPC/register/register.pb.go:109.2,109.11 1 0
api-server/api/gRPC/register/register.pb.go:106.14,108.3 1 0
api-server/api/gRPC/register/register.pb.go:112.54,113.14 1 0
api-server/api/gRPC/register/register.pb.go:116.2,116.11 1 0
api-server/api/gRPC/register/register.pb.go:113.14,115.3 1 0
api-server/api/gRPC/register/register.pb.go:119.48,120.14 1 0
api-server/api/gRPC/register/register.pb.go:123.2,123.11 1 0
api-server/api/gRPC/register/register.pb.go:120.14,122.3 1 0
api-server/api/gRPC/register/register.pb.go:135.33,137.29 2 0
api-server/api/gRPC/register/register.pb.go:137.29,141.3 3 0
api-server/api/gRPC/register/register.pb.go:144.41,146.2 1 0
api-server/api/gRPC/register/register.pb.go:148.39,148.40 0 0
api-server/api/gRPC/register/register.pb.go:150.61,152.41 2 0
api-server/api/gRPC/register/register.pb.go:159.2,159.24 1 0
api-server/api/gRPC/register/register.pb.go:152.41,154.34 2 0
api-server/api/gRPC/register/register.pb.go:157.3,157.12 1 0
api-server/api/gRPC/register/register.pb.go:154.34,156.4 1 0
api-server/api/gRPC/register/register.pb.go:163.52,165.2 1 0
api-server/api/gRPC/register/register.pb.go:167.44,168.14 1 0
api-server/api/gRPC/register/register.pb.go:171.2,171.11 1 0
api-server/api/gRPC/register/register.pb.go:168.14,170.3 1 0
api-server/api/gRPC/register/register.pb.go:174.45,175.14 1 0
api-server/api/gRPC/register/register.pb.go:178.2,178.11 1 0
api-server/api/gRPC/register/register.pb.go:175.14,177.3 1 0
api-server/api/gRPC/register/register.pb.go:221.65,222.62 1 0
api-server/api/gRPC/register/register.pb.go:225.2,225.58 1 0
api-server/api/gRPC/register/register.pb.go:222.62,224.3 1 0
api-server/api/gRPC/register/register.pb.go:243.13,243.61 1 1
api-server/api/gRPC/register/register.pb.go:244.51,245.50 1 1
api-server/api/gRPC/register/register.pb.go:248.2,248.30 1 1
api-server/api/gRPC/register/register.pb.go:274.2,291.53 6 1
api-server/api/gRPC/register/register.pb.go:245.50,247.3 1 0
api-server/api/gRPC/register/register.pb.go:248.30,249.103 1 0
api-server/api/gRPC/register/register.pb.go:261.3,261.103 1 0
api-server/api/gRPC/register/register.pb.go:249.103,250.40 1 0
api-server/api/gRPC/register/register.pb.go:251.11,252.20 1 0
api-server/api/gRPC/register/register.pb.go:253.11,254.24 1 0
api-server/api/gRPC/register/register.pb.go:255.11,256.28 1 0
api-server/api/gRPC/register/register.pb.go:257.12,258.15 1 0
api-server/api/gRPC/register/register.pb.go:261.103,262.38 1 0
api-server/api/gRPC/register/register.pb.go:263.11,264.20 1 0
api-server/api/gRPC/register/register.pb.go:265.11,266.24 1 0
api-server/api/gRPC/register/register.pb.go:267.11,268.28 1 0
api-server/api/gRPC/register/register.pb.go:269.12,270.15 1 0
api-server/api/gRPC/register/register.pb.go:38.35,40.29 2 0
api-server/api/gRPC/register/register.pb.go:40.29,44.3 3 0
api-server/api/gRPC/register/register.pb.go:47.43,49.2 1 0
api-server/api/gRPC/register/register.pb.go:51.41,51.42 0 0
api-server/api/gRPC/register/register.pb.go:53.63,55.41 2 0
api-server/api/gRPC/register/register.pb.go:62.2,62.24 1 0
api-server/api/gRPC/register/register.pb.go:55.41,57.34 2 0
api-server/api/gRPC/register/register.pb.go:60.3,60.12 1 0
api-server/api/gRPC/register/register.pb.go:57.34,59.4 1 0
api-server/api/gRPC/register/register.pb.go:66.54,68.2 1 0
api-server/api/gRPC/register/register.pb.go:70.42,71.14 1 0
api-server/api/gRPC/register/register.pb.go:74.2,74.11 1 0
api-server/api/gRPC/register/register.pb.go:71.14,73.3 1 0
api-server/api/gRPC/register/register.pb.go:77.44,78.14 1 0
api-server/api/gRPC/register/register.pb.go:81.2,81.11 1 0
api-server/api/gRPC/register/register.pb.go:78.14,80.3 1 0
api-server/api/gRPC/register/register.pb.go:84.43,85.14 1 0
api-server/api/gRPC/register/register.pb.go:88.2,88.11 1 0
api-server/api/gRPC/register/register.pb.go:85.14,87.3 1 0
api-server/api/gRPC/register/register.pb.go:91.44,92.14 1 0
api-server/api/gRPC/register/register.pb.go:95.2,95.11 1 0
api-server/api/gRPC/register/register.pb.go:92.14,94.3 1 0
api-server/api/gRPC/register/register.pb.go:98.52,99.14 1 0
api-server/api/gRPC/register/register.pb.go:102.2,102.11 1 0
api-server/api/gRPC/register/register.pb.go:99.14,101.3 1 0
api-server/api/gRPC/register/register.pb.go:105.45,106.14 1 0
api-server/api/gRPC/register/register.pb.go:109.2,109.11 1 0
api-server/api/gRPC/register/register.pb.go:106.14,108.3 1 0
api-server/api/gRPC/register/register.pb.go:112.54,113.14 1 0
api-server/api/gRPC/register/register.pb.go:116.2,116.11 1 0
api-server/api/gRPC/register/register.pb.go:113.14,115.3 1 0
api-server/api/gRPC/register/register.pb.go:119.48,120.14 1 0
api-server/api/gRPC/register/register.pb.go:123.2,123.11 1 0
api-server/api/gRPC/register/register.pb.go:120.14,122.3 1 0
api-server/api/gRPC/register/register.pb.go:135.33,137.29 2 0
api-server/api/gRPC/register/register.pb.go:137.29,141.3 3 0
api-server/api/gRPC/register/register.pb.go:144.41,146.2 1 0
api-server/api/gRPC/register/register.pb.go:148.39,148.40 0 0
api-server/api/gRPC/register/register.pb.go:150.61,152.41 2 0
api-server/api/gRPC/register/register.pb.go:159.2,159.24 1 0
api-server/api/gRPC/register/register.pb.go:152.41,154.34 2 0
api-server/api/gRPC/register/register.pb.go:157.3,157.12 1 0
api-server/api/gRPC/register/register.pb.go:154.34,156.4 1 0
api-server/api/gRPC/register/register.pb.go:163.52,165.2 1 0
api-server/api/gRPC/register/register.pb.go:167.44,168.14 1 0
api-server/api/gRPC/register/register.pb.go:171.2,171.11 1 0
api-server/api/gRPC/register/register.pb.go:168.14,170.3 1 0
api-server/api/gRPC/register/register.pb.go:174.45,175.14 1 0
api-server/api/gRPC/register/register.pb.go:178.2,178.11 1 0
api-server/api/gRPC/register/register.pb.go:175.14,177.3 1 0
api-server/api/gRPC/register/register.pb.go:221.65,222.62 1 0
api-server/api/gRPC/register/register.pb.go:225.2,225.58 1 0
api-server/api/gRPC/register/register.pb.go:222.62,224.3 1 0
api-server/api/gRPC/register/register.pb.go:243.13,243.61 1 1
api-server/api/gRPC/register/register.pb.go:244.51,245.50 1 1
api-server/api/gRPC/register/register.pb.go:248.2,248.30 1 1
api-server/api/gRPC/register/register.pb.go:274.2,291.53 6 1
api-server/api/gRPC/register/register.pb.go:245.50,247.3 1 0
api-server/api/gRPC/register/register.pb.go:248.30,249.103 1 0
api-server/api/gRPC/register/register.pb.go:261.3,261.103 1 0
api-server/api/gRPC/register/register.pb.go:249.103,250.40 1 0
api-server/api/gRPC/register/register.pb.go:251.11,252.20 1 0
api-server/api/gRPC/register/register.pb.go:253.11,254.24 1 0
api-server/api/gRPC/register/register.pb.go:255.11,256.28 1 0
api-server/api/gRPC/register/register.pb.go:257.12,258.15 1 0
api-server/api/gRPC/register/register.pb.go:261.103,262.38 1 0
api-server/api/gRPC/register/register.pb.go:263.11,264.20 1 0
api-server/api/gRPC/register/register.pb.go:265.11,266.24 1 0
api-server/api/gRPC/register/register.pb.go:267.11,268.28 1 0
api-server/api/gRPC/register/register.pb.go:269.12,270.15 1 0
api-server/api/auth.go:36.98,42.2 1 0
api-server/api/auth.go:44.52,61.16 7 0
api-server/api/auth.go:68.2,73.52 5 0
api-server/api/auth.go:61.16,65.3 3 0
api-server/api/auth.go:84.54,85.30 1 0
api-server/api/auth.go:85.30,89.23 3 0
api-server/api/auth.go:98.3,100.24 2 0
api-server/api/auth.go:109.3,115.102 2 0
api-server/api/auth.go:123.3,123.35 1 0
api-server/api/auth.go:149.3,149.17 1 0
api-server/api/auth.go:163.3,163.11 1 0
api-server/api/auth.go:89.23,96.4 4 0
api-server/api/auth.go:100.24,107.4 4 0
api-server/api/auth.go:115.102,117.59 1 0
api-server/api/auth.go:120.4,120.22 1 0
api-server/api/auth.go:117.59,119.5 1 0
api-server/api/auth.go:123.35,124.48 1 0
api-server/api/auth.go:124.48,125.52 1 0
api-server/api/auth.go:142.5,145.11 4 0
api-server/api/auth.go:125.52,132.6 4 0
api-server/api/auth.go:132.11,132.90 1 0
api-server/api/auth.go:132.90,140.6 4 0
api-server/api/auth.go:149.17,150.38 1 0
api-server/api/auth.go:156.4,159.10 4 0
api-server/api/auth.go:150.38,155.5 4 0
api-server/initconfig/init.go:13.39,21.16 5 0
api-server/initconfig/init.go:25.2,26.15 2 0
api-server/initconfig/init.go:21.16,23.55 2 0
api-server/initconfig/init.go:29.76,47.2 8 0
api-server/initconfig/init.go:49.19,50.26 1 0
api-server/initconfig/init.go:51.14,53.8 2 0
api-server/initconfig/init.go:54.14,56.8 2 0
api-server/initconfig/init.go:57.10,58.29 1 0
api-server/main.go:9.13,22.37 8 0
api-server/main.go:32.2,32.16 1 0
api-server/main.go:22.37,29.3 2 0
api-server/main.go:29.8,31.3 1 0
api-server/main.go:32.16,34.13 2 0
api-server/api/gRPC/register/register_grpc.pb.go:28.76,30.2 1 0
api-server/api/gRPC/register/register_grpc.pb.go:32.130,35.16 3 0
api-server/api/gRPC/register/register_grpc.pb.go:38.2,38.17 1 0
api-server/api/gRPC/register/register_grpc.pb.go:35.16,37.3 1 0
api-server/api/gRPC/register/register_grpc.pb.go:53.108,55.2 1 0
api-server/api/gRPC/register/register_grpc.pb.go:56.84,56.85 0 0
api-server/api/gRPC/register/register_grpc.pb.go:65.82,67.2 1 0
api-server/api/gRPC/register/register_grpc.pb.go:69.166,71.32 2 0
api-server/api/gRPC/register/register_grpc.pb.go:74.2,74.24 1 0
api-server/api/gRPC/register/register_grpc.pb.go:77.2,81.77 2 0
api-server/api/gRPC/register/register_grpc.pb.go:84.2,84.44 1 0
api-server/api/gRPC/register/register_grpc.pb.go:71.32,73.3 1 0
api-server/api/gRPC/register/register_grpc.pb.go:74.24,76.3 1 0
api-server/api/gRPC/register/register_grpc.pb.go:81.77,83.3 1 0
api-server/api/homes.go:49.168,57.2 1 0
api-server/api/homes.go:68.48,74.16 4 0
api-server/api/homes.go:81.2,85.16 3 0
api-server/api/homes.go:92.2,96.16 3 0
api-server/api/homes.go:102.2,103.28 2 0
api-server/api/homes.go:109.2,109.30 1 0
api-server/api/homes.go:74.16,78.3 3 0
api-server/api/homes.go:85.16,89.3 3 0
api-server/api/homes.go:96.16,100.3 3 0
api-server/api/homes.go:103.28,107.3 3 0
api-server/api/homes.go:123.48,129.16 4 0
api-server/api/homes.go:135.2,136.50 2 0
api-server/api/homes.go:142.2,143.16 2 0
api-server/api/homes.go:150.2,159.42 8 0
api-server/api/homes.go:169.2,170.16 2 0
api-server/api/homes.go:177.2,182.19 2 0
api-server/api/homes.go:188.2,188.29 1 0
api-server/api/homes.go:129.16,133.3 3 0
api-server/api/homes.go:136.50,140.3 3 0
api-server/api/homes.go:143.16,148.3 4 0
api-server/api/homes.go:159.42,167.3 7 0
api-server/api/homes.go:170.16,174.3 3 0
api-server/api/homes.go:182.19,186.3 3 0
api-server/api/homes.go:208.47,212.18 3 0
api-server/api/homes.go:218.2,219.48 2 0
api-server/api/homes.go:225.2,226.16 2 0
api-server/api/homes.go:234.2,236.14 3 0
api-server/api/homes.go:242.2,251.19 2 0
api-server/api/homes.go:257.2,257.66 1 0
api-server/api/homes.go:212.18,216.3 3 0
api-server/api/homes.go:219.48,223.3 3 0
api-server/api/homes.go:226.16,231.3 4 0
api-server/api/homes.go:236.14,240.3 3 0
api-server/api/homes.go:251.19,255.3 3 0
api-server/api/homes.go:271.50,275.18 3 0
api-server/api/homes.go:282.2,285.14 3 0
api-server/api/homes.go:292.2,293.16 2 0
api-server/api/homes.go:298.2,299.39 2 0
api-server/api/homes.go:305.2,312.19 2 0
api-server/api/homes.go:318.2,321.19 2 0
api-server/api/homes.go:326.2,326.66 1 0
api-server/api/homes.go:275.18,279.3 3 0
api-server/api/homes.go:285.14,289.3 3 0
api-server/api/homes.go:293.16,297.3 3 0
api-server/api/homes.go:299.39,300.25 1 0
api-server/api/homes.go:300.25,302.4 1 0
api-server/api/homes.go:312.19,316.3 3 0
api-server/api/homes.go:321.19,325.3 3 0
api-server/api/homes.go:338.48,342.18 3 0
api-server/api/homes.go:349.2,352.14 3 0
api-server/api/homes.go:358.2,362.16 3 0
api-server/api/homes.go:367.2,367.35 1 0
api-server/api/homes.go:342.18,346.3 3 0
api-server/api/homes.go:352.14,356.3 3 0
api-server/api/homes.go:362.16,366.3 3 0
api-server/api/homes.go:381.48,385.18 3 0
api-server/api/homes.go:391.2,392.51 2 0
api-server/api/homes.go:398.2,399.16 2 0
api-server/api/homes.go:407.2,410.14 3 0
api-server/api/homes.go:416.2,420.16 3 0
api-server/api/homes.go:426.2,447.19 10 0
api-server/api/homes.go:453.2,453.67 1 0
api-server/api/homes.go:385.18,389.3 3 0
api-server/api/homes.go:392.51,396.3 3 0
api-server/api/homes.go:399.16,404.3 4 0
api-server/api/homes.go:410.14,414.3 3 0
api-server/api/homes.go:420.16,424.3 3 0
api-server/api/homes.go:447.19,451.3 3 0
api-server/api/homes.go:473.47,478.35 4 0
api-server/api/homes.go:484.2,485.54 2 0
api-server/api/homes.go:491.2,492.16 2 0
api-server/api/homes.go:499.2,503.16 3 0
api-server/api/homes.go:510.2,511.33 2 0
api-server/api/homes.go:516.2,516.16 1 0
api-server/api/homes.go:523.2,526.14 3 0
api-server/api/homes.go:533.2,549.17 7 0
api-server/api/homes.go:555.2,555.66 1 0
api-server/api/homes.go:478.35,482.3 3 0
api-server/api/homes.go:485.54,489.3 3 0
api-server/api/homes.go:492.16,497.3 4 0
api-server/api/homes.go:503.16,507.3 3 0
api-server/api/homes.go:511.33,512.26 1 0
api-server/api/homes.go:512.26,514.4 1 0
api-server/api/homes.go:516.16,520.3 3 0
api-server/api/homes.go:526.14,530.3 3 0
api-server/api/homes.go:549.17,553.3 3 0
api-server/api/homes.go:569.50,574.35 4 0
api-server/api/homes.go:580.2,584.16 3 0
api-server/api/homes.go:591.2,594.14 3 0
api-server/api/homes.go:601.2,602.33 2 0
api-server/api/homes.go:607.2,607.16 1 0
api-server/api/homes.go:614.2,622.17 4 0
api-server/api/homes.go:628.2,628.66 1 0
api-server/api/homes.go:574.35,578.3 3 0
api-server/api/homes.go:584.16,588.3 3 0
api-server/api/homes.go:594.14,598.3 3 0
api-server/api/homes.go:602.33,603.26 1 0
api-server/api/homes.go:603.26,605.4 1 0
api-server/api/homes.go:607.16,611.3 3 0
api-server/api/homes.go:622.17,626.3 3 0
api-server/api/homes.go:631.97,636.16 2 0
api-server/api/homes.go:641.2,642.12 2 0
api-server/api/homes.go:646.2,646.13 1 0
api-server/api/homes.go:636.16,639.3 2 0
api-server/api/homes.go:642.12,645.3 2 0
api-server/api/logingithub.go:33.147,52.2 4 0
api-server/api/logingithub.go:54.61,56.2 1 0
api-server/api/logingithub.go:58.52,62.16 3 0
api-server/api/logingithub.go:68.2,72.16 5 0
api-server/api/logingithub.go:78.2,84.37 6 0
api-server/api/logingithub.go:62.16,66.3 3 0
api-server/api/logingithub.go:72.16,76.3 3 0
api-server/api/logingithub.go:87.52,88.30 1 0
api-server/api/logingithub.go:88.30,92.67 2 0
api-server/api/logingithub.go:101.3,102.41 2 0
api-server/api/logingithub.go:109.3,110.17 2 0
api-server/api/logingithub.go:117.3,119.17 3 0
api-server/api/logingithub.go:125.3,137.79 3 0
api-server/api/logingithub.go:144.3,149.17 3 0
api-server/api/logingithub.go:92.67,98.4 4 0
api-server/api/logingithub.go:102.41,106.4 3 0
api-server/api/logingithub.go:110.17,114.4 3 0
api-server/api/logingithub.go:119.17,123.4 3 0
api-server/api/logingithub.go:137.79,141.4 3 0
api-server/api/logingithub.go:149.17,154.47 3 0
api-server/api/logingithub.go:154.47,157.5 2 0
api-server/api/logingithub.go:158.9,160.35 1 0
api-server/api/logingithub.go:160.35,177.50 13 0
api-server/api/logingithub.go:184.5,185.29 2 0
api-server/api/logingithub.go:191.5,191.65 1 0
api-server/api/logingithub.go:177.50,181.6 3 0
api-server/api/logingithub.go:185.29,189.6 3 0
api-server/api/logingithub.go:192.10,196.5 2 0
api-server/api/register.go:61.59,64.45 3 0
api-server/api/register.go:69.2,69.49 1 0
api-server/api/register.go:64.45,65.40 1 0
api-server/api/register.go:65.40,67.4 1 0
api-server/api/register.go:69.49,71.3 1 0
api-server/api/register.go:74.174,94.2 6 0
api-server/api/register.go:96.55,100.56 3 0
api-server/api/register.go:106.2,107.16 2 0
api-server/api/register.go:115.2,119.23 3 0
api-server/api/register.go:126.2,130.16 3 0
api-server/api/register.go:138.2,139.48 2 0
api-server/api/register.go:145.2,157.95 11 0
api-server/api/register.go:171.2,171.18 1 0
api-server/api/register.go:195.2,196.31 2 0
api-server/api/register.go:100.56,104.3 3 0
api-server/api/register.go:107.16,112.3 4 0
api-server/api/register.go:119.23,123.3 3 0
api-server/api/register.go:130.16,136.3 3 0
api-server/api/register.go:139.48,140.40 1 0
api-server/api/register.go:140.40,142.4 1 0
api-server/api/register.go:157.95,166.3 1 0
api-server/api/register.go:171.18,173.17 2 0
api-server/api/register.go:181.3,181.127 1 0
api-server/api/register.go:173.17,175.55 2 0
api-server/api/register.go:178.4,179.10 2 0
api-server/api/register.go:175.55,177.5 1 0
api-server/api/register.go:182.8,184.17 2 0
api-server/api/register.go:192.3,192.85 1 0
api-server/api/register.go:184.17,186.55 2 0
api-server/api/register.go:189.4,190.10 2 0
api-server/api/register.go:186.55,188.5 1 0
api-server/api/register.go:199.107,203.25 2 0
api-server/api/register.go:208.2,209.21 2 0
api-server/api/register.go:214.2,223.16 3 0
api-server/api/register.go:227.2,227.42 1 0
api-server/api/register.go:234.2,234.12 1 0
api-server/api/register.go:203.25,205.3 1 0
api-server/api/register.go:209.21,211.3 1 0
api-server/api/register.go:223.16,225.3 1 0
api-server/api/register.go:227.42,229.17 2 0
api-server/api/register.go:229.17,231.4 1 0
api-server/api/register.go:237.129,241.16 3 0
api-server/api/register.go:244.2,244.14 1 0
api-server/api/register.go:250.2,253.16 4 0
api-server/api/register.go:260.2,269.21 4 0
api-server/api/register.go:274.2,286.16 4 0
api-server/api/register.go:289.2,289.43 1 0
api-server/api/register.go:241.16,243.3 1 0
api-server/api/register.go:244.14,246.3 1 0
api-server/api/register.go:246.8,248.3 1 0
api-server/api/register.go:253.16,259.3 2 0
api-server/api/register.go:269.21,271.3 1 0
api-server/api/register.go:286.16,288.3 1 0
api-server/api/register.go:292.91,294.16 2 0
api-server/api/register.go:297.2,299.47 3 0
api-server/api/register.go:294.16,296.3 1 0
api-server/api/register.go:302.102,305.16 3 0
api-server/api/register.go:308.2,310.47 3 0
api-server/api/register.go:305.16,307.3 1 0
api-server/api/register.go:313.93,316.22 2 0
api-server/api/register.go:320.2,325.19 2 0
api-server/api/register.go:328.2,328.12 1 0
api-server/api/register.go:316.22,318.3 1 0
api-server/api/register.go:325.19,327.3 1 0
api-server/initconfig/loggerConfig.go:10.39,26.2 8 0
api-server/initconfig/loggerConfig.go:28.45,37.2 2 0
api-server/utils/sliceUtils.go:7.53,9.22 2 0
api-server/utils/sliceUtils.go:12.2,12.10 1 0
api-server/utils/sliceUtils.go:9.22,11.3 1 0
api-server/utils/sliceUtils.go:15.51,16.29 1 0
api-server/utils/sliceUtils.go:21.2,21.18 1 0
api-server/utils/sliceUtils.go:16.29,17.18 1 0
api-server/utils/sliceUtils.go:17.18,19.4 1 0
api-server/utils/sliceUtils.go:24.40,27.2 2 0
api-server/api/keepalive.go:16.78,21.2 1 0
api-server/api/keepalive.go:22.56,27.2 4 0
api-server/api/profiles.go:31.106,37.2 1 0
api-server/api/profiles.go:39.53,44.17 4 0
api-server/api/profiles.go:51.3,56.37 6 0
api-server/api/profiles.go:44.17,48.4 3 0
api-server/api/profiles.go:70.60,75.19 3 0
api-server/api/profiles.go:82.3,84.17 3 0
api-server/api/profiles.go:91.3,91.37 1 0
api-server/api/profiles.go:97.3,107.17 3 0
api-server/api/profiles.go:112.3,112.53 1 0
api-server/api/profiles.go:75.19,79.4 3 0
api-server/api/profiles.go:84.17,88.4 3 0
api-server/api/profiles.go:91.37,95.4 3 0
api-server/api/profiles.go:107.17,111.4 3 0
api-server/db/database.go:16.119,23.32 5 0
api-server/db/database.go:29.2,35.35 5 0
api-server/db/database.go:44.2,47.63 4 0
api-server/db/database.go:23.32,24.72 1 0
api-server/db/database.go:24.72,26.38 2 0
api-server/db/database.go:35.35,39.3 3 0
api-server/db/database.go:39.8,43.3 3 0
api-server/custom-errors/grpc-send-error.go:15.40,17.2 1 0
api-server/utils/grpc.go:15.63,17.38 2 0
api-server/utils/grpc.go:27.3,28.40 2 0
api-server/utils/grpc.go:17.38,19.22 2 0
api-server/utils/grpc.go:22.5,23.41 2 0
api-server/utils/grpc.go:19.22,21.6 1 0
api-server/utils/grpc.go:31.69,34.17 2 0
api-server/utils/grpc.go:38.3,39.48 2 0
api-server/utils/grpc.go:44.3,48.41 2 0
api-server/utils/grpc.go:34.17,36.4 1 0
api-server/utils/grpc.go:39.48,41.4 1 0
api-server/initconfig/environment.go:13.32,21.2 6 0
api-server/initconfig/environment.go:23.42,24.37 1 0
api-server/initconfig/environment.go:28.2,72.78 44 0
api-server/initconfig/environment.go:24.37,25.72 1 0
api-server/api/gRPC/device/device_grpc.pb.go:29.64,31.2 1 0
api-server/api/gRPC/device/device_grpc.pb.go:33.124,36.16 3 0
api-server/api/gRPC/device/device_grpc.pb.go:39.2,39.17 1 0
api-server/api/gRPC/device/device_grpc.pb.go:36.16,38.3 1 0
api-server/api/gRPC/device/device_grpc.pb.go:42.124,45.16 3 0
api-server/api/gRPC/device/device_grpc.pb.go:48.2,48.17 1 0
api-server/api/gRPC/device/device_grpc.pb.go:45.16,47.3 1 0
api-server/api/gRPC/device/device_grpc.pb.go:64.102,66.2 1 0
api-server/api/gRPC/device/device_grpc.pb.go:67.102,69.2 1 0
api-server/api/gRPC/device/device_grpc.pb.go:70.72,70.73 0 0
api-server/api/gRPC/device/device_grpc.pb.go:79.70,81.2 1 0
api-server/api/gRPC/device/device_grpc.pb.go:83.161,85.32 2 0
api-server/api/gRPC/device/device_grpc.pb.go:88.2,88.24 1 0
api-server/api/gRPC/device/device_grpc.pb.go:91.2,95.77 2 0
api-server/api/gRPC/device/device_grpc.pb.go:98.2,98.44 1 0
api-server/api/gRPC/device/device_grpc.pb.go:85.32,87.3 1 0
api-server/api/gRPC/device/device_grpc.pb.go:88.24,90.3 1 0
api-server/api/gRPC/device/device_grpc.pb.go:95.77,97.3 1 0
api-server/api/gRPC/device/device_grpc.pb.go:101.161,103.32 2 0
api-server/api/gRPC/device/device_grpc.pb.go:106.2,106.24 1 0
api-server/api/gRPC/device/device_grpc.pb.go:109.2,113.77 2 0
api-server/api/gRPC/device/device_grpc.pb.go:116.2,116.44 1 0
api-server/api/gRPC/device/device_grpc.pb.go:103.32,105.3 1 0
api-server/api/gRPC/device/device_grpc.pb.go:106.24,108.3 1 0
api-server/api/gRPC/device/device_grpc.pb.go:113.77,115.3 1 0
api-server/custom-errors/register-error.go:9.40,10.21 1 0
api-server/custom-errors/register-error.go:13.3,13.21 1 0
api-server/custom-errors/register-error.go:10.21,12.4 1 0
api-server/custom-errors/register-error.go:16.40,18.2 1 0
api-server/custom-errors/register-error.go:20.54,26.2 1 0
api-server/utils/validator.go:10.40,12.56 2 0
api-server/utils/validator.go:15.3,15.19 1 0
api-server/utils/validator.go:12.56,14.4 1 0
api-server/api/devices.go:27.177,37.2 2 0
api-server/api/devices.go:48.52,54.16 4 0
api-server/api/devices.go:62.2,66.16 3 0
api-server/api/devices.go:72.2,75.23 2 0
api-server/api/devices.go:80.2,83.28 3 0
api-server/api/devices.go:88.2,88.32 1 0
api-server/api/devices.go:54.16,58.3 3 0
api-server/api/devices.go:66.16,70.3 3 0
api-server/api/devices.go:75.23,79.3 3 0
api-server/api/devices.go:83.28,87.3 3 0
api-server/api/devices.go:102.54,108.54 5 0
api-server/api/devices.go:115.2,117.16 3 0
api-server/api/devices.go:125.2,129.16 3 0
api-server/api/devices.go:135.2,136.12 2 0
api-server/api/devices.go:143.2,154.17 6 0
api-server/api/devices.go:161.2,166.19 2 0
api-server/api/devices.go:173.2,176.19 2 0
api-server/api/devices.go:181.2,181.68 1 0
api-server/api/devices.go:108.54,112.3 3 0
api-server/api/devices.go:117.16,121.3 3 0
api-server/api/devices.go:129.16,133.3 3 0
api-server/api/devices.go:136.12,140.3 3 0
api-server/api/devices.go:154.17,158.3 3 0
api-server/api/devices.go:166.19,170.3 3 0
api-server/api/devices.go:176.19,180.3 3 0
api-server/api/devices.go:184.87,192.2 5 0
api-server/utils/features.go:5.59,6.36 1 0
api-server/utils/features.go:11.3,11.15 1 0
api-server/utils/features.go:6.36,7.42 1 0
api-server/utils/features.go:7.42,9.6 1 0
api-server/api/devicesvalues.go:42.219,57.2 4 0
api-server/api/devicesvalues.go:61.63,65.18 3 0
api-server/api/devicesvalues.go:72.2,74.16 3 0
api-server/api/devicesvalues.go:81.2,81.44 1 0
api-server/api/devicesvalues.go:87.2,88.16 2 0
api-server/api/devicesvalues.go:94.2,96.18 2 0
api-server/api/devicesvalues.go:65.18,69.3 3 0
api-server/api/devicesvalues.go:74.16,78.3 3 0
api-server/api/devicesvalues.go:81.44,85.3 3 0
api-server/api/devicesvalues.go:88.16,92.3 3 0
api-server/api/devicesvalues.go:96.18,99.17 2 0
api-server/api/devicesvalues.go:104.3,115.21 6 0
api-server/api/devicesvalues.go:121.3,126.5 1 0
api-server/api/devicesvalues.go:99.17,103.4 3 0
api-server/api/devicesvalues.go:115.21,119.4 3 0
api-server/api/devicesvalues.go:127.8,129.43 2 0
api-server/api/devicesvalues.go:150.3,150.38 1 0
api-server/api/devicesvalues.go:129.43,132.18 3 0
api-server/api/devicesvalues.go:137.4,139.18 3 0
api-server/api/devicesvalues.go:144.4,147.59 3 0
api-server/api/devicesvalues.go:132.19,135.5 0 0
api-server/api/devicesvalues.go:139.19,141.5 0 0
api-server/api/devicesvalues.go:155.63,159.18 3 0
api-server/api/devicesvalues.go:165.2,166.49 2 0
api-server/api/devicesvalues.go:172.2,175.16 3 0
api-server/api/devicesvalues.go:183.2,185.16 3 0
api-server/api/devicesvalues.go:192.2,192.44 1 0
api-server/api/devicesvalues.go:198.2,199.16 2 0
api-server/api/devicesvalues.go:205.2,206.16 2 0
api-server/api/devicesvalues.go:212.2,212.62 1 0
api-server/api/devicesvalues.go:159.18,163.3 3 0
api-server/api/devicesvalues.go:166.49,170.3 3 0
api-server/api/devicesvalues.go:175.16,180.3 4 0
api-server/api/devicesvalues.go:185.16,189.3 3 0
api-server/api/devicesvalues.go:192.44,196.3 3 0
api-server/api/devicesvalues.go:199.16,203.3 3 0
api-server/api/devicesvalues.go:206.16,210.3 3 0
api-server/api/devicesvalues.go:217.79,219.16 2 0
api-server/api/devicesvalues.go:222.2,224.47 3 0
api-server/api/devicesvalues.go:219.16,221.3 1 0
api-server/api/devicesvalues.go:227.116,232.16 3 0
api-server/api/devicesvalues.go:236.2,236.14 1 0
api-server/api/devicesvalues.go:242.2,245.16 4 0
api-server/api/devicesvalues.go:252.2,277.16 11 0
api-server/api/devicesvalues.go:232.16,235.3 2 0
api-server/api/devicesvalues.go:236.14,238.3 1 0
api-server/api/devicesvalues.go:238.8,240.3 1 0
api-server/api/devicesvalues.go:245.16,251.3 2 0
api-server/api/devicesvalues.go:280.93,288.2 5 0
api-server/api/devicesvalues.go:291.83,293.2 1 0
api-server/api/devicesvalues.go:295.40,296.57 1 0
api-server/api/devicesvalues.go:296.57,298.3 1 0
api-server/api/devicesvalues.go:298.8,300.3 1 0
api-server/initconfig/routes.go:34.49,45.36 6 0
api-server/initconfig/routes.go:61.2,69.38 3 0
api-server/initconfig/routes.go:95.2,95.32 1 0
api-server/initconfig/routes.go:111.2,111.15 1 0
api-server/initconfig/routes.go:45.36,46.31 1 0
api-server/initconfig/routes.go:46.31,49.24 2 0
api-server/initconfig/routes.go:54.4,54.65 1 0
api-server/initconfig/routes.go:49.24,52.5 2 0
api-server/initconfig/routes.go:54.65,56.5 1 0
api-server/initconfig/routes.go:69.38,86.3 4 0
api-server/initconfig/routes.go:86.8,88.3 1 0
api-server/initconfig/routes.go:95.32,97.39 2 0
api-server/initconfig/routes.go:97.39,102.13 5 0
api-server/initconfig/routes.go:102.13,104.5 1 0
api-server/initconfig/routes.go:104.10,106.5 1 0
api-server/initconfig/routes.go:108.8,110.3 1 0
api-server/initconfig/routes.go:114.175,139.2 18 0
api-server/initconfig/routes.go:139.2,157.3 14 0
api-server/initconfig/routes.go:160.57,217.2 1 0
api-server/initconfig/routes.go:219.22,313.2 24 0
api-server/api/gRPC/device/device.pb.go:34.33,36.29 2 0
api-server/api/gRPC/device/device.pb.go:36.29,40.3 3 0
api-server/api/gRPC/device/device.pb.go:43.41,45.2 1 0
api-server/api/gRPC/device/device.pb.go:47.39,47.40 0 0
api-server/api/gRPC/device/device.pb.go:49.61,51.41 2 0
api-server/api/gRPC/device/device.pb.go:58.2,58.24 1 0
api-server/api/gRPC/device/device.pb.go:51.41,53.34 2 0
api-server/api/gRPC/device/device.pb.go:56.3,56.12 1 0
api-server/api/gRPC/device/device.pb.go:53.34,55.4 1 0
api-server/api/gRPC/device/device.pb.go:62.52,64.2 1 0
api-server/api/gRPC/device/device.pb.go:66.40,67.14 1 0
api-server/api/gRPC/device/device.pb.go:70.2,70.11 1 0
api-server/api/gRPC/device/device.pb.go:67.14,69.3 1 0
api-server/api/gRPC/device/device.pb.go:73.42,74.14 1 0
api-server/api/gRPC/device/device.pb.go:77.2,77.11 1 0
api-server/api/gRPC/device/device.pb.go:74.14,76.3 1 0
api-server/api/gRPC/device/device.pb.go:80.41,81.14 1 0
api-server/api/gRPC/device/device.pb.go:84.2,84.11 1 0
api-server/api/gRPC/device/device.pb.go:81.14,83.3 1 0
api-server/api/gRPC/device/device.pb.go:87.46,88.14 1 0
api-server/api/gRPC/device/device.pb.go:91.2,91.11 1 0
api-server/api/gRPC/device/device.pb.go:88.14,90.3 1 0
api-server/api/gRPC/device/device.pb.go:105.34,107.29 2 0
api-server/api/gRPC/device/device.pb.go:107.29,111.3 3 0
api-server/api/gRPC/device/device.pb.go:114.42,116.2 1 0
api-server/api/gRPC/device/device.pb.go:118.40,118.41 0 0
api-server/api/gRPC/device/device.pb.go:120.62,122.41 2 0
api-server/api/gRPC/device/device.pb.go:129.2,129.24 1 0
api-server/api/gRPC/device/device.pb.go:122.41,124.34 2 0
api-server/api/gRPC/device/device.pb.go:127.3,127.12 1 0
api-server/api/gRPC/device/device.pb.go:124.34,126.4 1 0
api-server/api/gRPC/device/device.pb.go:133.53,135.2 1 0
api-server/api/gRPC/device/device.pb.go:137.39,138.14 1 0
api-server/api/gRPC/device/device.pb.go:141.2,141.14 1 0
api-server/api/gRPC/device/device.pb.go:138.14,140.3 1 0
api-server/api/gRPC/device/device.pb.go:144.49,145.14 1 0
api-server/api/gRPC/device/device.pb.go:148.2,148.10 1 0
api-server/api/gRPC/device/device.pb.go:145.14,147.3 1 0
api-server/api/gRPC/device/device.pb.go:151.42,152.14 1 0
api-server/api/gRPC/device/device.pb.go:155.2,155.10 1 0
api-server/api/gRPC/device/device.pb.go:152.14,154.3 1 0
api-server/api/gRPC/device/device.pb.go:158.46,159.14 1 0
api-server/api/gRPC/device/device.pb.go:162.2,162.10 1 0
api-server/api/gRPC/device/device.pb.go:159.14,161.3 1 0
api-server/api/gRPC/device/device.pb.go:180.33,182.29 2 0
api-server/api/gRPC/device/device.pb.go:182.29,186.3 3 0
api-server/api/gRPC/device/device.pb.go:189.41,191.2 1 0
api-server/api/gRPC/device/device.pb.go:193.39,193.40 0 0
api-server/api/gRPC/device/device.pb.go:195.61,197.41 2 0
api-server/api/gRPC/device/device.pb.go:204.2,204.24 1 0
api-server/api/gRPC/device/device.pb.go:197.41,199.34 2 0
api-server/api/gRPC/device/device.pb.go:202.3,202.12 1 0
api-server/api/gRPC/device/device.pb.go:199.34,201.4 1 0
api-server/api/gRPC/device/device.pb.go:208.52,210.2 1 0
api-server/api/gRPC/device/device.pb.go:212.40,213.14 1 0
api-server/api/gRPC/device/device.pb.go:216.2,216.11 1 0
api-server/api/gRPC/device/device.pb.go:213.14,215.3 1 0
api-server/api/gRPC/device/device.pb.go:219.42,220.14 1 0
api-server/api/gRPC/device/device.pb.go:223.2,223.11 1 0
api-server/api/gRPC/device/device.pb.go:220.14,222.3 1 0
api-server/api/gRPC/device/device.pb.go:226.41,227.14 1 0
api-server/api/gRPC/device/device.pb.go:230.2,230.11 1 0
api-server/api/gRPC/device/device.pb.go:227.14,229.3 1 0
api-server/api/gRPC/device/device.pb.go:233.46,234.14 1 0
api-server/api/gRPC/device/device.pb.go:237.2,237.11 1 0
api-server/api/gRPC/device/device.pb.go:234.14,236.3 1 0
api-server/api/gRPC/device/device.pb.go:240.38,241.14 1 0
api-server/api/gRPC/device/device.pb.go:244.2,244.14 1 0
api-server/api/gRPC/device/device.pb.go:241.14,243.3 1 0
api-server/api/gRPC/device/device.pb.go:247.48,248.14 1 0
api-server/api/gRPC/device/device.pb.go:251.2,251.10 1 0
api-server/api/gRPC/device/device.pb.go:248.14,250.3 1 0
api-server/api/gRPC/device/device.pb.go:254.41,255.14 1 0
api-server/api/gRPC/device/device.pb.go:258.2,258.10 1 0
api-server/api/gRPC/device/device.pb.go:255.14,257.3 1 0
api-server/api/gRPC/device/device.pb.go:261.45,262.14 1 0
api-server/api/gRPC/device/device.pb.go:265.2,265.10 1 0
api-server/api/gRPC/device/device.pb.go:262.14,264.3 1 0
api-server/api/gRPC/device/device.pb.go:277.34,279.29 2 0
api-server/api/gRPC/device/device.pb.go:279.29,283.3 3 0
api-server/api/gRPC/device/device.pb.go:286.42,288.2 1 0
api-server/api/gRPC/device/device.pb.go:290.40,290.41 0 0
api-server/api/gRPC/device/device.pb.go:292.62,294.41 2 0
api-server/api/gRPC/device/device.pb.go:301.2,301.24 1 0
api-server/api/gRPC/device/device.pb.go:294.41,296.34 2 0
api-server/api/gRPC/device/device.pb.go:299.3,299.12 1 0
api-server/api/gRPC/device/device.pb.go:296.34,298.4 1 0
api-server/api/gRPC/device/device.pb.go:305.53,307.2 1 0
api-server/api/gRPC/device/device.pb.go:309.45,310.14 1 0
api-server/api/gRPC/device/device.pb.go:313.2,313.11 1 0
api-server/api/gRPC/device/device.pb.go:310.14,312.3 1 0
api-server/api/gRPC/device/device.pb.go:316.46,317.14 1 0
api-server/api/gRPC/device/device.pb.go:320.2,320.11 1 0
api-server/api/gRPC/device/device.pb.go:317.14,319.3 1 0
api-server/api/gRPC/device/device.pb.go:378.61,379.58 1 0
api-server/api/gRPC/device/device.pb.go:382.2,382.54 1 0
api-server/api/gRPC/device/device.pb.go:379.58,381.3 1 0
api-server/api/gRPC/device/device.pb.go:404.13,404.57 1 1
api-server/api/gRPC/device/device.pb.go:405.47,406.46 1 1
api-server/api/gRPC/device/device.pb.go:409.2,409.30 1 1
api-server/api/gRPC/device/device.pb.go:459.2,476.49 6 1
api-server/api/gRPC/device/device.pb.go:406.46,408.3 1 0
api-server/api/gRPC/device/device.pb.go:409.30,410.99 1 0
api-server/api/gRPC/device/device.pb.go:422.3,422.99 1 0
api-server/api/gRPC/device/device.pb.go:434.3,434.99 1 0
api-server/api/gRPC/device/device.pb.go:446.3,446.99 1 0
api-server/api/gRPC/device/device.pb.go:410.99,411.38 1 0
api-server/api/gRPC/device/device.pb.go:412.11,413.20 1 0
api-server/api/gRPC/device/device.pb.go:414.11,415.24 1 0
api-server/api/gRPC/device/device.pb.go:416.11,417.28 1 0
api-server/api/gRPC/device/device.pb.go:418.12,419.15 1 0
api-server/api/gRPC/device/device.pb.go:422.99,423.39 1 0
api-server/api/gRPC/device/device.pb.go:424.11,425.20 1 0
api-server/api/gRPC/device/device.pb.go:426.11,427.24 1 0
api-server/api/gRPC/device/device.pb.go:428.11,429.28 1 0
api-server/api/gRPC/device/device.pb.go:430.12,431.15 1 0
api-server/api/gRPC/device/device.pb.go:434.99,435.38 1 0
api-server/api/gRPC/device/device.pb.go:436.11,437.20 1 0
api-server/api/gRPC/device/device.pb.go:438.11,439.24 1 0
api-server/api/gRPC/device/device.pb.go:440.11,441.28 1 0
api-server/api/gRPC/device/device.pb.go:442.12,443.15 1 0
api-server/api/gRPC/device/device.pb.go:446.99,447.39 1 0
api-server/api/gRPC/device/device.pb.go:448.11,449.20 1 0
api-server/api/gRPC/device/device.pb.go:450.11,451.24 1 0
api-server/api/gRPC/device/device.pb.go:452.11,453.28 1 0
api-server/api/gRPC/device/device.pb.go:454.12,455.15 1 0
api-server/utils/session.go:16.79,18.9 2 0
api-server/utils/session.go:21.2,21.28 1 0
api-server/utils/session.go:18.9,20.3 1 0
api-server/utils/session.go:24.125,26.16 2 0
api-server/utils/session.go:31.2,35.21 3 0
api-server/utils/session.go:26.16,28.3 1 0
api-server/utils/session.go:38.74,39.22 1 0
api-server/utils/session.go:44.2,44.14 1 0
api-server/utils/session.go:39.22,40.33 1 0
api-server/utils/session.go:40.33,42.4 1 0
api-server/utils/session.go:47.34,50.16 3 0
api-server/utils/session.go:53.2,53.50 1 0
api-server/utils/session.go:50.16,52.3 1 0
api-server/initconfig/routes.go:34.49,45.36 6 1
api-server/initconfig/routes.go:61.2,69.38 3 1
api-server/initconfig/routes.go:95.2,95.32 1 1
api-server/initconfig/routes.go:111.2,111.15 1 1
api-server/initconfig/routes.go:45.36,46.31 1 1
api-server/initconfig/routes.go:46.31,49.24 2 1
api-server/initconfig/routes.go:54.4,54.65 1 1
api-server/initconfig/routes.go:49.24,52.5 2 0
api-server/initconfig/routes.go:54.65,56.5 1 0
api-server/initconfig/routes.go:69.38,86.3 4 1
api-server/initconfig/routes.go:86.8,88.3 1 0
api-server/initconfig/routes.go:95.32,97.39 2 1
api-server/initconfig/routes.go:97.39,102.13 5 0
api-server/initconfig/routes.go:102.13,104.5 1 0
api-server/initconfig/routes.go:104.10,106.5 1 0
api-server/initconfig/routes.go:108.8,110.3 1 0
api-server/initconfig/routes.go:114.175,139.2 18 1
api-server/initconfig/routes.go:139.2,157.3 14 1
api-server/initconfig/routes.go:160.57,217.2 1 1
api-server/initconfig/routes.go:219.22,313.2 24 1
api-server/custom-errors/grpc-send-error.go:15.40,17.2 1 0
api-server/api/profiles.go:31.106,37.2 1 1
api-server/api/profiles.go:39.53,44.17 4 0
api-server/api/profiles.go:51.3,56.37 6 0
api-server/api/profiles.go:44.17,48.4 3 0
api-server/api/profiles.go:70.60,75.19 3 0
api-server/api/profiles.go:82.3,84.17 3 0
api-server/api/profiles.go:91.3,91.37 1 0
api-server/api/profiles.go:97.3,107.17 3 0
api-server/api/profiles.go:112.3,112.53 1 0
api-server/api/profiles.go:75.19,79.4 3 0
api-server/api/profiles.go:84.17,88.4 3 0
api-server/api/profiles.go:91.37,95.4 3 0
api-server/api/profiles.go:107.17,111.4 3 0
api-server/db/database.go:16.119,23.32 5 1
api-server/db/database.go:29.2,35.35 5 1
api-server/db/database.go:44.2,47.63 4 1
api-server/db/database.go:23.32,24.72 1 1
api-server/db/database.go:24.72,26.38 2 0
api-server/db/database.go:35.35,39.3 3 1
api-server/db/database.go:39.8,43.3 3 0
api-server/utils/session.go:16.79,18.9 2 0
api-server/utils/session.go:21.2,21.28 1 0
api-server/utils/session.go:18.9,20.3 1 0
api-server/utils/session.go:24.125,26.16 2 0
api-server/utils/session.go:31.2,35.21 3 0
api-server/utils/session.go:26.16,28.3 1 0
api-server/utils/session.go:38.74,39.22 1 0
api-server/utils/session.go:44.2,44.14 1 0
api-server/utils/session.go:39.22,40.33 1 0
api-server/utils/session.go:40.33,42.4 1 0
api-server/utils/session.go:47.34,50.16 3 1
api-server/utils/session.go:53.2,53.50 1 1
api-server/utils/session.go:50.16,52.3 1 0
api-server/api/devices.go:27.177,37.2 2 1
api-server/api/devices.go:48.52,54.16 4 0
api-server/api/devices.go:62.2,66.16 3 0
api-server/api/devices.go:72.2,75.23 2 0
api-server/api/devices.go:80.2,83.28 3 0
api-server/api/devices.go:88.2,88.32 1 0
api-server/api/devices.go:54.16,58.3 3 0
api-server/api/devices.go:66.16,70.3 3 0
api-server/api/devices.go:75.23,79.3 3 0
api-server/api/devices.go:83.28,87.3 3 0
api-server/api/devices.go:102.54,108.54 5 0
api-server/api/devices.go:115.2,117.16 3 0
api-server/api/devices.go:125.2,129.16 3 0
api-server/api/devices.go:135.2,136.12 2 0
api-server/api/devices.go:143.2,154.17 6 0
api-server/api/devices.go:161.2,166.19 2 0
api-server/api/devices.go:173.2,176.19 2 0
api-server/api/devices.go:181.2,181.68 1 0
api-server/api/devices.go:108.54,112.3 3 0
api-server/api/devices.go:117.16,121.3 3 0
api-server/api/devices.go:129.16,133.3 3 0
api-server/api/devices.go:136.12,140.3 3 0
api-server/api/devices.go:154.17,158.3 3 0
api-server/api/devices.go:166.19,170.3 3 0
api-server/api/devices.go:176.19,180.3 3 0
api-server/api/devices.go:184.87,192.2 5 0
api-server/initconfig/loggerConfig.go:10.39,26.2 8 1
api-server/initconfig/loggerConfig.go:28.45,37.2 2 1
api-server/custom-errors/register-error.go:9.40,10.21 1 0
api-server/custom-errors/register-error.go:13.3,13.21 1 0
api-server/custom-errors/register-error.go:10.21,12.4 1 0
api-server/custom-errors/register-error.go:16.40,18.2 1 0
api-server/custom-errors/register-error.go:20.54,26.2 1 0
api-server/utils/sliceUtils.go:7.53,9.22 2 0
api-server/utils/sliceUtils.go:12.2,12.10 1 0
api-server/utils/sliceUtils.go:9.22,11.3 1 0
api-server/utils/sliceUtils.go:15.51,16.29 1 0
api-server/utils/sliceUtils.go:21.2,21.18 1 0
api-server/utils/sliceUtils.go:16.29,17.18 1 0
api-server/utils/sliceUtils.go:17.18,19.4 1 0
api-server/utils/sliceUtils.go:24.40,27.2 2 0
api-server/api/register.go:61.59,64.45 3 0
api-server/api/register.go:69.2,69.49 1 0
api-server/api/register.go:64.45,65.40 1 0
api-server/api/register.go:65.40,67.4 1 0
api-server/api/register.go:69.49,71.3 1 0
api-server/api/register.go:74.174,94.2 6 1
api-server/api/register.go:96.55,100.56 3 0
api-server/api/register.go:106.2,107.16 2 0
api-server/api/register.go:115.2,119.23 3 0
api-server/api/register.go:126.2,130.16 3 0
api-server/api/register.go:138.2,139.48 2 0
api-server/api/register.go:145.2,157.95 11 0
api-server/api/register.go:171.2,171.18 1 0
api-server/api/register.go:195.2,196.31 2 0
api-server/api/register.go:100.56,104.3 3 0
api-server/api/register.go:107.16,112.3 4 0
api-server/api/register.go:119.23,123.3 3 0
api-server/api/register.go:130.16,136.3 3 0
api-server/api/register.go:139.48,140.40 1 0
api-server/api/register.go:140.40,142.4 1 0
api-server/api/register.go:157.95,166.3 1 0
api-server/api/register.go:171.18,173.17 2 0
api-server/api/register.go:181.3,181.127 1 0
api-server/api/register.go:173.17,175.55 2 0
api-server/api/register.go:178.4,179.10 2 0
api-server/api/register.go:175.55,177.5 1 0
api-server/api/register.go:182.8,184.17 2 0
api-server/api/register.go:192.3,192.85 1 0
api-server/api/register.go:184.17,186.55 2 0
api-server/api/register.go:189.4,190.10 2 0
api-server/api/register.go:186.55,188.5 1 0
api-server/api/register.go:199.107,203.25 2 0
api-server/api/register.go:208.2,209.21 2 0
api-server/api/register.go:214.2,223.16 3 0
api-server/api/register.go:227.2,227.42 1 0
api-server/api/register.go:234.2,234.12 1 0
api-server/api/register.go:203.25,205.3 1 0
api-server/api/register.go:209.21,211.3 1 0
api-server/api/register.go:223.16,225.3 1 0
api-server/api/register.go:227.42,229.17 2 0
api-server/api/register.go:229.17,231.4 1 0
api-server/api/register.go:237.129,241.16 3 0
api-server/api/register.go:244.2,244.14 1 0
api-server/api/register.go:250.2,253.16 4 0
api-server/api/register.go:260.2,269.21 4 0
api-server/api/register.go:274.2,286.16 4 0
api-server/api/register.go:289.2,289.43 1 0
api-server/api/register.go:241.16,243.3 1 0
api-server/api/register.go:244.14,246.3 1 0
api-server/api/register.go:246.8,248.3 1 0
api-server/api/register.go:253.16,259.3 2 0
api-server/api/register.go:269.21,271.3 1 0
api-server/api/register.go:286.16,288.3 1 0
api-server/api/register.go:292.91,294.16 2 0
api-server/api/register.go:297.2,299.47 3 0
api-server/api/register.go:294.16,296.3 1 0
api-server/api/register.go:302.102,305.16 3 0
api-server/api/register.go:308.2,310.47 3 0
api-server/api/register.go:305.16,307.3 1 0
api-server/api/register.go:313.93,316.22 2 0
api-server/api/register.go:320.2,325.19 2 0
api-server/api/register.go:328.2,328.12 1 0
api-server/api/register.go:316.22,318.3 1 0
api-server/api/register.go:325.19,327.3 1 0
api-server/main.go:9.13,22.37 8 0
api-server/main.go:32.2,32.16 1 0
api-server/main.go:22.37,29.3 2 0
api-server/main.go:29.8,31.3 1 0
api-server/main.go:32.16,34.13 2 0
api-server/api/gRPC/device/device.pb.go:34.33,36.29 2 0
api-server/api/gRPC/device/device.pb.go:36.29,40.3 3 0
api-server/api/gRPC/device/device.pb.go:43.41,45.2 1 0
api-server/api/gRPC/device/device.pb.go:47.39,47.40 0 0
api-server/api/gRPC/device/device.pb.go:49.61,51.41 2 0
api-server/api/gRPC/device/device.pb.go:58.2,58.24 1 0
api-server/api/gRPC/device/device.pb.go:51.41,53.34 2 0
api-server/api/gRPC/device/device.pb.go:56.3,56.12 1 0
api-server/api/gRPC/device/device.pb.go:53.34,55.4 1 0
api-server/api/gRPC/device/device.pb.go:62.52,64.2 1 0
api-server/api/gRPC/device/device.pb.go:66.40,67.14 1 0
api-server/api/gRPC/device/device.pb.go:70.2,70.11 1 0
api-server/api/gRPC/device/device.pb.go:67.14,69.3 1 0
api-server/api/gRPC/device/device.pb.go:73.42,74.14 1 0
api-server/api/gRPC/device/device.pb.go:77.2,77.11 1 0
api-server/api/gRPC/device/device.pb.go:74.14,76.3 1 0
api-server/api/gRPC/device/device.pb.go:80.41,81.14 1 0
api-server/api/gRPC/device/device.pb.go:84.2,84.11 1 0
api-server/api/gRPC/device/device.pb.go:81.14,83.3 1 0
api-server/api/gRPC/device/device.pb.go:87.46,88.14 1 0
api-server/api/gRPC/device/device.pb.go:91.2,91.11 1 0
api-server/api/gRPC/device/device.pb.go:88.14,90.3 1 0
api-server/api/gRPC/device/device.pb.go:105.34,107.29 2 0
api-server/api/gRPC/device/device.pb.go:107.29,111.3 3 0
api-server/api/gRPC/device/device.pb.go:114.42,116.2 1 0
api-server/api/gRPC/device/device.pb.go:118.40,118.41 0 0
api-server/api/gRPC/device/device.pb.go:120.62,122.41 2 0
api-server/api/gRPC/device/device.pb.go:129.2,129.24 1 0
api-server/api/gRPC/device/device.pb.go:122.41,124.34 2 0
api-server/api/gRPC/device/device.pb.go:127.3,127.12 1 0
api-server/api/gRPC/device/device.pb.go:124.34,126.4 1 0
api-server/api/gRPC/device/device.pb.go:133.53,135.2 1 0
api-server/api/gRPC/device/device.pb.go:137.39,138.14 1 0
api-server/api/gRPC/device/device.pb.go:141.2,141.14 1 0
api-server/api/gRPC/device/device.pb.go:138.14,140.3 1 0
api-server/api/gRPC/device/device.pb.go:144.49,145.14 1 0
api-server/api/gRPC/device/device.pb.go:148.2,148.10 1 0
api-server/api/gRPC/device/device.pb.go:145.14,147.3 1 0
api-server/api/gRPC/device/device.pb.go:151.42,152.14 1 0
api-server/api/gRPC/device/device.pb.go:155.2,155.10 1 0
api-server/api/gRPC/device/device.pb.go:152.14,154.3 1 0
api-server/api/gRPC/device/device.pb.go:158.46,159.14 1 0
api-server/api/gRPC/device/device.pb.go:162.2,162.10 1 0
api-server/api/gRPC/device/device.pb.go:159.14,161.3 1 0
api-server/api/gRPC/device/device.pb.go:180.33,182.29 2 0
api-server/api/gRPC/device/device.pb.go:182.29,186.3 3 0
api-server/api/gRPC/device/device.pb.go:189.41,191.2 1 0
api-server/api/gRPC/device/device.pb.go:193.39,193.40 0 0
api-server/api/gRPC/device/device.pb.go:195.61,197.41 2 0
api-server/api/gRPC/device/device.pb.go:204.2,204.24 1 0
api-server/api/gRPC/device/device.pb.go:197.41,199.34 2 0
api-server/api/gRPC/device/device.pb.go:202.3,202.12 1 0
api-server/api/gRPC/device/device.pb.go:199.34,201.4 1 0
api-server/api/gRPC/device/device.pb.go:208.52,210.2 1 0
api-server/api/gRPC/device/device.pb.go:212.40,213.14 1 0
api-server/api/gRPC/device/device.pb.go:216.2,216.11 1 0
api-server/api/gRPC/device/device.pb.go:213.14,215.3 1 0
api-server/api/gRPC/device/device.pb.go:219.42,220.14 1 0
api-server/api/gRPC/device/device.pb.go:223.2,223.11 1 0
api-server/api/gRPC/device/device.pb.go:220.14,222.3 1 0
api-server/api/gRPC/device/device.pb.go:226.41,227.14 1 0
api-server/api/gRPC/device/device.pb.go:230.2,230.11 1 0
api-server/api/gRPC/device/device.pb.go:227.14,229.3 1 0
api-server/api/gRPC/device/device.pb.go:233.46,234.14 1 0
api-server/api/gRPC/device/device.pb.go:237.2,237.11 1 0
api-server/api/gRPC/device/device.pb.go:234.14,236.3 1 0
api-server/api/gRPC/device/device.pb.go:240.38,241.14 1 0
api-server/api/gRPC/device/device.pb.go:244.2,244.14 1 0
api-server/api/gRPC/device/device.pb.go:241.14,243.3 1 0
api-server/api/gRPC/device/device.pb.go:247.48,248.14 1 0
api-server/api/gRPC/device/device.pb.go:251.2,251.10 1 0
api-server/api/gRPC/device/device.pb.go:248.14,250.3 1 0
api-server/api/gRPC/device/device.pb.go:254.41,255.14 1 0
api-server/api/gRPC/device/device.pb.go:258.2,258.10 1 0
api-server/api/gRPC/device/device.pb.go:255.14,257.3 1 0
api-server/api/gRPC/device/device.pb.go:261.45,262.14 1 0
api-server/api/gRPC/device/device.pb.go:265.2,265.10 1 0
api-server/api/gRPC/device/device.pb.go:262.14,264.3 1 0
api-server/api/gRPC/device/device.pb.go:277.34,279.29 2 0
api-server/api/gRPC/device/device.pb.go:279.29,283.3 3 0
api-server/api/gRPC/device/device.pb.go:286.42,288.2 1 0
api-server/api/gRPC/device/device.pb.go:290.40,290.41 0 0
api-server/api/gRPC/device/device.pb.go:292.62,294.41 2 0
api-server/api/gRPC/device/device.pb.go:301.2,301.24 1 0
api-server/api/gRPC/device/device.pb.go:294.41,296.34 2 0
api-server/api/gRPC/device/device.pb.go:299.3,299.12 1 0
api-server/api/gRPC/device/device.pb.go:296.34,298.4 1 0
api-server/api/gRPC/device/device.pb.go:305.53,307.2 1 0
api-server/api/gRPC/device/device.pb.go:309.45,310.14 1 0
api-server/api/gRPC/device/device.pb.go:313.2,313.11 1 0
api-server/api/gRPC/device/device.pb.go:310.14,312.3 1 0
api-server/api/gRPC/device/device.pb.go:316.46,317.14 1 0
api-server/api/gRPC/device/device.pb.go:320.2,320.11 1 0
api-server/api/gRPC/device/device.pb.go:317.14,319.3 1 0
api-server/api/gRPC/device/device.pb.go:378.61,379.58 1 0
api-server/api/gRPC/device/device.pb.go:382.2,382.54 1 0
api-server/api/gRPC/device/device.pb.go:379.58,381.3 1 0
api-server/api/gRPC/device/device.pb.go:404.13,404.57 1 1
api-server/api/gRPC/device/device.pb.go:405.47,406.46 1 1
api-server/api/gRPC/device/device.pb.go:409.2,409.30 1 1
api-server/api/gRPC/device/device.pb.go:459.2,476.49 6 1
api-server/api/gRPC/device/device.pb.go:406.46,408.3 1 0
api-server/api/gRPC/device/device.pb.go:409.30,410.99 1 0
api-server/api/gRPC/device/device.pb.go:422.3,422.99 1 0
api-server/api/gRPC/device/device.pb.go:434.3,434.99 1 0
api-server/api/gRPC/device/device.pb.go:446.3,446.99 1 0
api-server/api/gRPC/device/device.pb.go:410.99,411.38 1 0
api-server/api/gRPC/device/device.pb.go:412.11,413.20 1 0
api-server/api/gRPC/device/device.pb.go:414.11,415.24 1 0
api-server/api/gRPC/device/device.pb.go:416.11,417.28 1 0
api-server/api/gRPC/device/device.pb.go:418.12,419.15 1 0
api-server/api/gRPC/device/device.pb.go:422.99,423.39 1 0
api-server/api/gRPC/device/device.pb.go:424.11,425.20 1 0
api-server/api/gRPC/device/device.pb.go:426.11,427.24 1 0
api-server/api/gRPC/device/device.pb.go:428.11,429.28 1 0
api-server/api/gRPC/device/device.pb.go:430.12,431.15 1 0
api-server/api/gRPC/device/device.pb.go:434.99,435.38 1 0
api-server/api/gRPC/device/device.pb.go:436.11,437.20 1 0
api-server/api/gRPC/device/device.pb.go:438.11,439.24 1 0
api-server/api/gRPC/device/device.pb.go:440.11,441.28 1 0
api-server/api/gRPC/device/device.pb.go:442.12,443.15 1 0
api-server/api/gRPC/device/device.pb.go:446.99,447.39 1 0
api-server/api/gRPC/device/device.pb.go:448.11,449.20 1 0
api-server/api/gRPC/device/device.pb.go:450.11,451.24 1 0
api-server/api/gRPC/device/device.pb.go:452.11,453.28 1 0
api-server/api/gRPC/device/device.pb.go:454.12,455.15 1 0
api-server/api/gRPC/register/register.pb.go:38.35,40.29 2 0
api-server/api/gRPC/register/register.pb.go:40.29,44.3 3 0
api-server/api/gRPC/register/register.pb.go:47.43,49.2 1 0
api-server/api/gRPC/register/register.pb.go:51.41,51.42 0 0
api-server/api/gRPC/register/register.pb.go:53.63,55.41 2 0
api-server/api/gRPC/register/register.pb.go:62.2,62.24 1 0
api-server/api/gRPC/register/register.pb.go:55.41,57.34 2 0
api-server/api/gRPC/register/register.pb.go:60.3,60.12 1 0
api-server/api/gRPC/register/register.pb.go:57.34,59.4 1 0
api-server/api/gRPC/register/register.pb.go:66.54,68.2 1 0
api-server/api/gRPC/register/register.pb.go:70.42,71.14 1 0
api-server/api/gRPC/register/register.pb.go:74.2,74.11 1 0
api-server/api/gRPC/register/register.pb.go:71.14,73.3 1 0
api-server/api/gRPC/register/register.pb.go:77.44,78.14 1 0
api-server/api/gRPC/register/register.pb.go:81.2,81.11 1 0
api-server/api/gRPC/register/register.pb.go:78.14,80.3 1 0
api-server/api/gRPC/register/register.pb.go:84.43,85.14 1 0
api-server/api/gRPC/register/register.pb.go:88.2,88.11 1 0
api-server/api/gRPC/register/register.pb.go:85.14,87.3 1 0
api-server/api/gRPC/register/register.pb.go:91.44,92.14 1 0
api-server/api/gRPC/register/register.pb.go:95.2,95.11 1 0
api-server/api/gRPC/register/register.pb.go:92.14,94.3 1 0
api-server/api/gRPC/register/register.pb.go:98.52,99.14 1 0
api-server/api/gRPC/register/register.pb.go:102.2,102.11 1 0
api-server/api/gRPC/register/register.pb.go:99.14,101.3 1 0
api-server/api/gRPC/register/register.pb.go:105.45,106.14 1 0
api-server/api/gRPC/register/register.pb.go:109.2,109.11 1 0
api-server/api/gRPC/register/register.pb.go:106.14,108.3 1 0
api-server/api/gRPC/register/register.pb.go:112.54,113.14 1 0
api-server/api/gRPC/register/register.pb.go:116.2,116.11 1 0
api-server/api/gRPC/register/register.pb.go:113.14,115.3 1 0
api-server/api/gRPC/register/register.pb.go:119.48,120.14 1 0
api-server/api/gRPC/register/register.pb.go:123.2,123.11 1 0
api-server/api/gRPC/register/register.pb.go:120.14,122.3 1 0
api-server/api/gRPC/register/register.pb.go:135.33,137.29 2 0
api-server/api/gRPC/register/register.pb.go:137.29,141.3 3 0
api-server/api/gRPC/register/register.pb.go:144.41,146.2 1 0
api-server/api/gRPC/register/register.pb.go:148.39,148.40 0 0
api-server/api/gRPC/register/register.pb.go:150.61,152.41 2 0
api-server/api/gRPC/register/register.pb.go:159.2,159.24 1 0
api-server/api/gRPC/register/register.pb.go:152.41,154.34 2 0
api-server/api/gRPC/register/register.pb.go:157.3,157.12 1 0
api-server/api/gRPC/register/register.pb.go:154.34,156.4 1 0
api-server/api/gRPC/register/register.pb.go:163.52,165.2 1 0
api-server/api/gRPC/register/register.pb.go:167.44,168.14 1 0
api-server/api/gRPC/register/register.pb.go:171.2,171.11 1 0
api-server/api/gRPC/register/register.pb.go:168.14,170.3 1 0
api-server/api/gRPC/register/register.pb.go:174.45,175.14 1 0
api-server/api/gRPC/register/register.pb.go:178.2,178.11 1 0
api-server/api/gRPC/register/register.pb.go:175.14,177.3 1 0
api-server/api/gRPC/register/register.pb.go:221.65,222.62 1 0
api-server/api/gRPC/register/register.pb.go:225.2,225.58 1 0
api-server/api/gRPC/register/register.pb.go:222.62,224.3 1 0
api-server/api/gRPC/register/register.pb.go:243.13,243.61 1 1
api-server/api/gRPC/register/register.pb.go:244.51,245.50 1 1
api-server/api/gRPC/register/register.pb.go:248.2,248.30 1 1
api-server/api/gRPC/register/register.pb.go:274.2,291.53 6 1
api-server/api/gRPC/register/register.pb.go:245.50,247.3 1 0
api-server/api/gRPC/register/register.pb.go:248.30,249.103 1 0
api-server/api/gRPC/register/register.pb.go:261.3,261.103 1 0
api-server/api/gRPC/register/register.pb.go:249.103,250.40 1 0
api-server/api/gRPC/register/register.pb.go:251.11,252.20 1 0
api-server/api/gRPC/register/register.pb.go:253.11,254.24 1 0
api-server/api/gRPC/register/register.pb.go:255.11,256.28 1 0
api-server/api/gRPC/register/register.pb.go:257.12,258.15 1 0
api-server/api/gRPC/register/register.pb.go:261.103,262.38 1 0
api-server/api/gRPC/register/register.pb.go:263.11,264.20 1 0
api-server/api/gRPC/register/register.pb.go:265.11,266.24 1 0
api-server/api/gRPC/register/register.pb.go:267.11,268.28 1 0
api-server/api/gRPC/register/register.pb.go:269.12,270.15 1 0
api-server/api/keepalive.go:16.78,21.2 1 1
api-server/api/keepalive.go:22.56,27.2 4 1
api-server/api/gRPC/device/device_grpc.pb.go:29.64,31.2 1 0
api-server/api/gRPC/device/device_grpc.pb.go:33.124,36.16 3 0
api-server/api/gRPC/device/device_grpc.pb.go:39.2,39.17 1 0
api-server/api/gRPC/device/device_grpc.pb.go:36.16,38.3 1 0
api-server/api/gRPC/device/device_grpc.pb.go:42.124,45.16 3 0
api-server/api/gRPC/device/device_grpc.pb.go:48.2,48.17 1 0
api-server/api/gRPC/device/device_grpc.pb.go:45.16,47.3 1 0
api-server/api/gRPC/device/device_grpc.pb.go:64.102,66.2 1 0
api-server/api/gRPC/device/device_grpc.pb.go:67.102,69.2 1 0
api-server/api/gRPC/device/device_grpc.pb.go:70.72,70.73 0 0
api-server/api/gRPC/device/device_grpc.pb.go:79.70,81.2 1 0
api-server/api/gRPC/device/device_grpc.pb.go:83.161,85.32 2 0
api-server/api/gRPC/device/device_grpc.pb.go:88.2,88.24 1 0
api-server/api/gRPC/device/device_grpc.pb.go:91.2,95.77 2 0
api-server/api/gRPC/device/device_grpc.pb.go:98.2,98.44 1 0
api-server/api/gRPC/device/device_grpc.pb.go:85.32,87.3 1 0
api-server/api/gRPC/device/device_grpc.pb.go:88.24,90.3 1 0
api-server/api/gRPC/device/device_grpc.pb.go:95.77,97.3 1 0
api-server/api/gRPC/device/device_grpc.pb.go:101.161,103.32 2 0
api-server/api/gRPC/device/device_grpc.pb.go:106.2,106.24 1 0
api-server/api/gRPC/device/device_grpc.pb.go:109.2,113.77 2 0
api-server/api/gRPC/device/device_grpc.pb.go:116.2,116.44 1 0
api-server/api/gRPC/device/device_grpc.pb.go:103.32,105.3 1 0
api-server/api/gRPC/device/device_grpc.pb.go:106.24,108.3 1 0
api-server/api/gRPC/device/device_grpc.pb.go:113.77,115.3 1 0
api-server/utils/features.go:5.59,6.36 1 0
api-server/utils/features.go:11.3,11.15 1 0
api-server/utils/features.go:6.36,7.42 1 0
api-server/utils/features.go:7.42,9.6 1 0
api-server/utils/grpc.go:15.63,17.38 2 0
api-server/utils/grpc.go:27.3,28.40 2 0
api-server/utils/grpc.go:17.38,19.22 2 0
api-server/utils/grpc.go:22.5,23.41 2 0
api-server/utils/grpc.go:19.22,21.6 1 0
api-server/utils/grpc.go:31.69,34.17 2 0
api-server/utils/grpc.go:38.3,39.48 2 0
api-server/utils/grpc.go:44.3,48.41 2 0
api-server/utils/grpc.go:34.17,36.4 1 0
api-server/utils/grpc.go:39.48,41.4 1 0
api-server/api/logingithub.go:33.147,52.2 4 1
api-server/api/logingithub.go:54.61,56.2 1 1
api-server/api/logingithub.go:58.52,62.16 3 1
api-server/api/logingithub.go:68.2,72.16 5 1
api-server/api/logingithub.go:78.2,84.37 6 1
api-server/api/logingithub.go:62.16,66.3 3 0
api-server/api/logingithub.go:72.16,76.3 3 0
api-server/api/logingithub.go:87.52,88.30 1 1
api-server/api/logingithub.go:88.30,92.67 2 0
api-server/api/logingithub.go:101.3,102.41 2 0
api-server/api/logingithub.go:109.3,110.17 2 0
api-server/api/logingithub.go:117.3,119.17 3 0
api-server/api/logingithub.go:125.3,137.79 3 0
api-server/api/logingithub.go:144.3,149.17 3 0
api-server/api/logingithub.go:92.67,98.4 4 0
api-server/api/logingithub.go:102.41,106.4 3 0
api-server/api/logingithub.go:110.17,114.4 3 0
api-server/api/logingithub.go:119.17,123.4 3 0
api-server/api/logingithub.go:137.79,141.4 3 0
api-server/api/logingithub.go:149.17,154.47 3 0
api-server/api/logingithub.go:154.47,157.5 2 0
api-server/api/logingithub.go:158.9,160.35 1 0
api-server/api/logingithub.go:160.35,177.50 13 0
api-server/api/logingithub.go:184.5,185.29 2 0
api-server/api/logingithub.go:191.5,191.65 1 0
api-server/api/logingithub.go:177.50,181.6 3 0
api-server/api/logingithub.go:185.29,189.6 3 0
api-server/api/logingithub.go:192.10,196.5 2 0
api-server/initconfig/environment.go:13.32,21.2 6 1
api-server/initconfig/environment.go:23.42,24.37 1 1
api-server/initconfig/environment.go:28.2,72.78 44 1
api-server/initconfig/environment.go:24.37,25.72 1 0
api-server/utils/validator.go:10.40,12.56 2 0
api-server/utils/validator.go:15.3,15.19 1 0
api-server/utils/validator.go:12.56,14.4 1 0
api-server/api/auth.go:36.98,42.2 1 1
api-server/api/auth.go:44.52,61.16 7 0
api-server/api/auth.go:68.2,73.52 5 0
api-server/api/auth.go:61.16,65.3 3 0
api-server/api/auth.go:84.54,85.30 1 1
api-server/api/auth.go:85.30,89.23 3 0
api-server/api/auth.go:98.3,100.24 2 0
api-server/api/auth.go:109.3,115.102 2 0
api-server/api/auth.go:123.3,123.35 1 0
api-server/api/auth.go:149.3,149.17 1 0
api-server/api/auth.go:163.3,163.11 1 0
api-server/api/auth.go:89.23,96.4 4 0
api-server/api/auth.go:100.24,107.4 4 0
api-server/api/auth.go:115.102,117.59 1 0
api-server/api/auth.go:120.4,120.22 1 0
api-server/api/auth.go:117.59,119.5 1 0
api-server/api/auth.go:123.35,124.48 1 0
api-server/api/auth.go:124.48,125.52 1 0
api-server/api/auth.go:142.5,145.11 4 0
api-server/api/auth.go:125.52,132.6 4 0
api-server/api/auth.go:132.11,132.90 1 0
api-server/api/auth.go:132.90,140.6 4 0
api-server/api/auth.go:149.17,150.38 1 0
api-server/api/auth.go:156.4,159.10 4 0
api-server/api/auth.go:150.38,155.5 4 0
api-server/api/homes.go:49.168,57.2 1 1
api-server/api/homes.go:68.48,74.16 4 0
api-server/api/homes.go:81.2,85.16 3 0
api-server/api/homes.go:92.2,96.16 3 0
api-server/api/homes.go:102.2,103.28 2 0
api-server/api/homes.go:109.2,109.30 1 0
api-server/api/homes.go:74.16,78.3 3 0
api-server/api/homes.go:85.16,89.3 3 0
api-server/api/homes.go:96.16,100.3 3 0
api-server/api/homes.go:103.28,107.3 3 0
api-server/api/homes.go:123.48,129.16 4 0
api-server/api/homes.go:135.2,136.50 2 0
api-server/api/homes.go:142.2,143.16 2 0
api-server/api/homes.go:150.2,159.42 8 0
api-server/api/homes.go:169.2,170.16 2 0
api-server/api/homes.go:177.2,182.19 2 0
api-server/api/homes.go:188.2,188.29 1 0
api-server/api/homes.go:129.16,133.3 3 0
api-server/api/homes.go:136.50,140.3 3 0
api-server/api/homes.go:143.16,148.3 4 0
api-server/api/homes.go:159.42,167.3 7 0
api-server/api/homes.go:170.16,174.3 3 0
api-server/api/homes.go:182.19,186.3 3 0
api-server/api/homes.go:208.47,212.18 3 0
api-server/api/homes.go:218.2,219.48 2 0
api-server/api/homes.go:225.2,226.16 2 0
api-server/api/homes.go:234.2,236.14 3 0
api-server/api/homes.go:242.2,251.19 2 0
api-server/api/homes.go:257.2,257.66 1 0
api-server/api/homes.go:212.18,216.3 3 0
api-server/api/homes.go:219.48,223.3 3 0
api-server/api/homes.go:226.16,231.3 4 0
api-server/api/homes.go:236.14,240.3 3 0
api-server/api/homes.go:251.19,255.3 3 0
api-server/api/homes.go:271.50,275.18 3 0
api-server/api/homes.go:282.2,285.14 3 0
api-server/api/homes.go:292.2,293.16 2 0
api-server/api/homes.go:298.2,299.39 2 0
api-server/api/homes.go:305.2,312.19 2 0
api-server/api/homes.go:318.2,321.19 2 0
api-server/api/homes.go:326.2,326.66 1 0
api-server/api/homes.go:275.18,279.3 3 0
api-server/api/homes.go:285.14,289.3 3 0
api-server/api/homes.go:293.16,297.3 3 0
api-server/api/homes.go:299.39,300.25 1 0
api-server/api/homes.go:300.25,302.4 1 0
api-server/api/homes.go:312.19,316.3 3 0
api-server/api/homes.go:321.19,325.3 3 0
api-server/api/homes.go:338.48,342.18 3 0
api-server/api/homes.go:349.2,352.14 3 0
api-server/api/homes.go:358.2,362.16 3 0
api-server/api/homes.go:367.2,367.35 1 0
api-server/api/homes.go:342.18,346.3 3 0
api-server/api/homes.go:352.14,356.3 3 0
api-server/api/homes.go:362.16,366.3 3 0
api-server/api/homes.go:381.48,385.18 3 0
api-server/api/homes.go:391.2,392.51 2 0
api-server/api/homes.go:398.2,399.16 2 0
api-server/api/homes.go:407.2,410.14 3 0
api-server/api/homes.go:416.2,420.16 3 0
api-server/api/homes.go:426.2,447.19 10 0
api-server/api/homes.go:453.2,453.67 1 0
api-server/api/homes.go:385.18,389.3 3 0
api-server/api/homes.go:392.51,396.3 3 0
api-server/api/homes.go:399.16,404.3 4 0
api-server/api/homes.go:410.14,414.3 3 0
api-server/api/homes.go:420.16,424.3 3 0
api-server/api/homes.go:447.19,451.3 3 0
api-server/api/homes.go:473.47,478.35 4 0
api-server/api/homes.go:484.2,485.54 2 0
api-server/api/homes.go:491.2,492.16 2 0
api-server/api/homes.go:499.2,503.16 3 0
api-server/api/homes.go:510.2,511.33 2 0
api-server/api/homes.go:516.2,516.16 1 0
api-server/api/homes.go:523.2,526.14 3 0
api-server/api/homes.go:533.2,549.17 7 0
api-server/api/homes.go:555.2,555.66 1 0
api-server/api/homes.go:478.35,482.3 3 0
api-server/api/homes.go:485.54,489.3 3 0
api-server/api/homes.go:492.16,497.3 4 0
api-server/api/homes.go:503.16,507.3 3 0
api-server/api/homes.go:511.33,512.26 1 0
api-server/api/homes.go:512.26,514.4 1 0
api-server/api/homes.go:516.16,520.3 3 0
api-server/api/homes.go:526.14,530.3 3 0
api-server/api/homes.go:549.17,553.3 3 0
api-server/api/homes.go:569.50,574.35 4 0
api-server/api/homes.go:580.2,584.16 3 0
api-server/api/homes.go:591.2,594.14 3 0
api-server/api/homes.go:601.2,602.33 2 0
api-server/api/homes.go:607.2,607.16 1 0
api-server/api/homes.go:614.2,622.17 4 0
api-server/api/homes.go:628.2,628.66 1 0
api-server/api/homes.go:574.35,578.3 3 0
api-server/api/homes.go:584.16,588.3 3 0
api-server/api/homes.go:594.14,598.3 3 0
api-server/api/homes.go:602.33,603.26 1 0
api-server/api/homes.go:603.26,605.4 1 0
api-server/api/homes.go:607.16,611.3 3 0
api-server/api/homes.go:622.17,626.3 3 0
api-server/api/homes.go:631.97,636.16 2 0
api-server/api/homes.go:641.2,642.12 2 0
api-server/api/homes.go:646.2,646.13 1 0
api-server/api/homes.go:636.16,639.3 2 0
api-server/api/homes.go:642.12,645.3 2 0
api-server/api/gRPC/register/register_grpc.pb.go:28.76,30.2 1 0
api-server/api/gRPC/register/register_grpc.pb.go:32.130,35.16 3 0
api-server/api/gRPC/register/register_grpc.pb.go:38.2,38.17 1 0
api-server/api/gRPC/register/register_grpc.pb.go:35.16,37.3 1 0
api-server/api/gRPC/register/register_grpc.pb.go:53.108,55.2 1 0
api-server/api/gRPC/register/register_grpc.pb.go:56.84,56.85 0 0
api-server/api/gRPC/register/register_grpc.pb.go:65.82,67.2 1 0
api-server/api/gRPC/register/register_grpc.pb.go:69.166,71.32 2 0
api-server/api/gRPC/register/register_grpc.pb.go:74.2,74.24 1 0
api-server/api/gRPC/register/register_grpc.pb.go:77.2,81.77 2 0
api-server/api/gRPC/register/register_grpc.pb.go:84.2,84.44 1 0
api-server/api/gRPC/register/register_grpc.pb.go:71.32,73.3 1 0
api-server/api/gRPC/register/register_grpc.pb.go:74.24,76.3 1 0
api-server/api/gRPC/register/register_grpc.pb.go:81.77,83.3 1 0
api-server/api/devicesvalues.go:42.219,57.2 4 1
api-server/api/devicesvalues.go:61.63,65.18 3 0
api-server/api/devicesvalues.go:72.2,74.16 3 0
api-server/api/devicesvalues.go:81.2,81.44 1 0
api-server/api/devicesvalues.go:87.2,88.16 2 0
api-server/api/devicesvalues.go:94.2,96.18 2 0
api-server/api/devicesvalues.go:65.18,69.3 3 0
api-server/api/devicesvalues.go:74.16,78.3 3 0
api-server/api/devicesvalues.go:81.44,85.3 3 0
api-server/api/devicesvalues.go:88.16,92.3 3 0
api-server/api/devicesvalues.go:96.18,99.17 2 0
api-server/api/devicesvalues.go:104.3,115.21 6 0
api-server/api/devicesvalues.go:121.3,126.5 1 0
api-server/api/devicesvalues.go:99.17,103.4 3 0
api-server/api/devicesvalues.go:115.21,119.4 3 0
api-server/api/devicesvalues.go:127.8,129.43 2 0
api-server/api/devicesvalues.go:150.3,150.38 1 0
api-server/api/devicesvalues.go:129.43,132.18 3 0
api-server/api/devicesvalues.go:137.4,139.18 3 0
api-server/api/devicesvalues.go:144.4,147.59 3 0
api-server/api/devicesvalues.go:132.19,135.5 0 0
api-server/api/devicesvalues.go:139.19,141.5 0 0
api-server/api/devicesvalues.go:155.63,159.18 3 0
api-server/api/devicesvalues.go:165.2,166.49 2 0
api-server/api/devicesvalues.go:172.2,175.16 3 0
api-server/api/devicesvalues.go:183.2,185.16 3 0
api-server/api/devicesvalues.go:192.2,192.44 1 0
api-server/api/devicesvalues.go:198.2,199.16 2 0
api-server/api/devicesvalues.go:205.2,206.16 2 0
api-server/api/devicesvalues.go:212.2,212.62 1 0
api-server/api/devicesvalues.go:159.18,163.3 3 0
api-server/api/devicesvalues.go:166.49,170.3 3 0
api-server/api/devicesvalues.go:175.16,180.3 4 0
api-server/api/devicesvalues.go:185.16,189.3 3 0
api-server/api/devicesvalues.go:192.44,196.3 3 0
api-server/api/devicesvalues.go:199.16,203.3 3 0
api-server/api/devicesvalues.go:206.16,210.3 3 0
api-server/api/devicesvalues.go:217.79,219.16 2 0
api-server/api/devicesvalues.go:222.2,224.47 3 0
api-server/api/devicesvalues.go:219.16,221.3 1 0
api-server/api/devicesvalues.go:227.116,232.16 3 0
api-server/api/devicesvalues.go:236.2,236.14 1 0
api-server/api/devicesvalues.go:242.2,245.16 4 0
api-server/api/devicesvalues.go:252.2,277.16 11 0
api-server/api/devicesvalues.go:232.16,235.3 2 0
api-server/api/devicesvalues.go:236.14,238.3 1 0
api-server/api/devicesvalues.go:238.8,240.3 1 0
api-server/api/devicesvalues.go:245.16,251.3 2 0
api-server/api/devicesvalues.go:280.93,288.2 5 0
api-server/api/devicesvalues.go:291.83,293.2 1 0
api-server/api/devicesvalues.go:295.40,296.57 1 0
api-server/api/devicesvalues.go:296.57,298.3 1 0
api-server/api/devicesvalues.go:298.8,300.3 1 0
api-server/initconfig/init.go:13.39,21.16 5 1
api-server/initconfig/init.go:25.2,26.15 2 1
api-server/initconfig/init.go:21.16,23.55 2 0
api-server/initconfig/init.go:29.76,47.2 8 1
api-server/initconfig/init.go:49.19,50.26 1 1
api-server/initconfig/init.go:51.14,53.8 2 0
api-server/initconfig/init.go:54.14,56.8 2 0
api-server/initconfig/init.go:57.10,58.29 1 1
